📦 DB curent: 120 afterschool-uri


🔍 Caut: "afterschool sector 1 Bucuresti"
  Gasit 20 rezultate
  ✅ Nou: SOS Planet After School | Calea Floreasca 165, 014459 București | 44.4701,26.0742
  ✅ Nou: Aristocrat After School Victoriei. After school Piata Victoriei | Strada Ecaterina Teodoroiu 19, 010971 București | 44.4467,26.0469
  ✅ Nou: Kinderlachen Gradinita Germana & Afterschool Germana | Strada Căderea Bastiliei 56-58, 010616 București | 44.4701,26.0742
  → 3 noi din aceasta cautare

🔍 Caut: "afterschool sector 2 Bucuresti"
  Gasit 20 rezultate
  ✅ Nou: EDU&CARE | Strada Frederic Chopin nr. 2, 014192 București | 44.4609,26.0675
  → 1 noi din aceasta cautare

🔍 Caut: "afterschool sector 3 Bucuresti"
  Gasit 20 rezultate
  ✅ Nou: Anna Afterschool | Aleea Calistrat Hogaș 28, D-E, 032475 București | 44.4185,26.1519
  → 1 noi din aceasta cautare

🔍 Caut: "afterschool sector 4 Bucuresti"
  Gasit 20 rezultate
  ✅ Nou: B-Happy After school | cartier rezidențial Noor Residence, Intrarea Horbotei 12, 030467 București | 44.4336,26.1252
  → 1 noi din aceasta cautare

🔍 Caut: "afterschool sector 5 Bucuresti"
  Gasit 20 rezultate
  ✅ Nou: My Universe-Afterschool | Bulevardul Eroii Sanitari 51, București | 44.4338,26.0342
  → 1 noi din aceasta cautare

🔍 Caut: "afterschool sector 6 Bucuresti"
  Gasit 20 rezultate
  ✅ Nou: Babel Language Militari Residence | Str. Tineretului 17, 077041 Dudu | 44.4436,25.9034
  → 1 noi din aceasta cautare

🔍 Caut: "after school sector 1 Bucuresti"
  Gasit 6 rezultate
  → 0 noi din aceasta cautare

🔍 Caut: "after school sector 2 Bucuresti"
  Gasit 20 rezultate
  ✅ Nou: Grădinița și Școala Primară SPRINGFIELD | Strada Șoltuzului 10, 023745 București | 44.4566,26.0390
  → 1 noi din aceasta cautare

🔍 Caut: "after school sector 3 Bucuresti"
  Gasit 20 rezultate
  ✅ Nou: A&M After School | Bd. Ressu Camil, 33, Bucuresti-Sector 3, Bucuresti, 031739, 032729 București | 44.4165,26.1116
  → 1 noi din aceasta cautare

🔍 Caut: "after school sector 4 Bucuresti"
  Gasit 20 rezultate
  ✅ Nou: Creativ Infinit Before, After & Art school | Cladirea INTEC, Șoseaua Olteniței 105, 041303 București | 44.3924,26.0876
  → 1 noi din aceasta cautare

🔍 Caut: "after school sector 5 Bucuresti"
  Gasit 20 rezultate
  ✅ Nou: After | Strada Petre Ispirescu 56, 052034 București | 44.4144,25.9881
  → 1 noi din aceasta cautare

🔍 Caut: "after school sector 6 Bucuresti"
  Gasit 20 rezultate
  ✅ Nou: Maria International School (former Maria Kinder Kids) | Strada Piața Amzei 6, 030167 București | 44.4154,26.0554
  → 1 noi din aceasta cautare

🔍 Caut: "program afterschool Bucuresti"
  Gasit 20 rezultate
  ✅ Nou: Școala Iepurașul Bocănilă | Strada Iarba Câmpului 91, București | 44.3882,26.0405
  → 1 noi din aceasta cautare

🔍 Caut: "afterschool copii Bucuresti"
  Gasit 20 rezultate
  ✅ Nou: Grădinița EuroKid 4 | Strada Prașilei 14, 040801 București | 44.3927,26.0311
  → 1 noi din aceasta cautare

🔍 Caut: "afterschool Drumul Taberei Bucuresti"
  Gasit 16 rezultate
  ✅ Nou: Smart&Fun After School Crangasi | Intrarea Sipetului 3, 060467 București | 44.4584,26.0088
  ✅ Nou: Jolly Kids | Drumul Taberei 115, etaj 2, 061378 București | 44.4188,25.9924
  → 2 noi din aceasta cautare

🔍 Caut: "afterschool Militari Bucuresti"
  Gasit 20 rezultate
  ✅ Nou: Friends Corner Before & After School | Strada Caporal Eftimie Z. Croitoru 11, 062326 București | 44.4370,25.9720
  ✅ Nou: BRIO KIDS Afterschool & Centru Educațional | Bulevardul Uverturii 84, 060945 București | 44.4393,25.9903
  ✅ Nou: Asociatia Hands On & After School | Bulevardul Iuliu Maniu 7, 061072 București | 44.4424,26.0237
  → 3 noi din aceasta cautare

🔍 Caut: "afterschool Floreasca Bucuresti"
  Gasit 7 rezultate
  ✅ Nou: Gradinita Before After School Happy Kids | Str. Școala Floreasca 3, nr, 011641 București | 44.4579,26.0775
  ✅ Nou: STEJARII Centru Educational | Str. Școala Floreasca 14, 011643 București | 44.4581,26.0786
  ✅ Nou: Dreamworld After School | Str. Școala Floreasca 3, București | 44.4579,26.0775
  → 3 noi din aceasta cautare

🔍 Caut: "afterschool Titan Bucuresti"
  Gasit 20 rezultate
  ✅ Nou: Legendary Party | Șoseaua Olteniței 31, 041293 București | 44.3978,26.0734
  ✅ Nou: EDU for Kids Afterschool | Strada Ilioara 12f, 077160 București | 44.4128,26.1197
  ✅ Nou: Clubul Copiilor Smart Generation | Bulevardul 1 Decembrie 1918 4a, etaj 3, 032451 București | 44.4109,26.1494
  → 3 noi din aceasta cautare

🔍 Caut: "afterschool Colentina Bucuresti"
  Gasit 4 rezultate
  → 0 noi din aceasta cautare

🔍 Caut: "afterschool Berceni Bucuresti"
  Gasit 20 rezultate
  ✅ Nou: Time After School | Strada Daracului 9c, București | 44.3972,26.0772
  → 1 noi din aceasta cautare

════════════════════════════════════════════════════════════
TOTAL NOI GASITE: 27
════════════════════════════════════════════════════════════

✅ Adaugate: 27
📦 Total in DB: 147
