Procesez 107 afterschool-uri cu website dar fara pret...

‚ùå fara pret gasit
‚ùå fara pret gasit
‚ùå fara pret gasit
‚ùå fara pret gasit
‚ùå fara pret gasit
‚ùå fara pret gasit
‚ùå fara pret gasit
‚ùå fara pret gasit
‚ùå fara pret gasit
‚ùå fara pret gasit
‚ùå fara pret gasit
‚ùå fara pret gasit
‚ùå fara pret gasit
‚ùå fara pret gasit
‚ùå fara pret gasit
‚ùå fara pret gasit
‚ùå fara pret gasit
‚ùå fara pret gasit
‚ùå fara pret gasit
‚ùå fara pret gasit
‚ùå fara pret gasit
‚ùå fara pret gasit
‚ùå fara pret gasit
‚ùå fara pret gasit
‚ùå fara pret gasit
‚ùå fara pret gasit
‚ùå fara pret gasit
‚ùå fara pret gasit
‚ùå fara pret gasit
‚ùå fara pret gasit
‚ùå fara pret gasit
‚ùå fara pret gasit
‚ùå fara pret gasit
‚ùå fara pret gasit
‚ùå fara pret gasit
‚ùå fara pret gasit
‚ùå fara pret gasit
‚ùå fara pret gasit
‚ùå fara pret gasit
‚ùå fara pret gasit
‚ùå fara pret gasit
‚ùå fara pret gasit
‚ùå fara pret gasit
‚ùå fara pret gasit
‚ùå fara pret gasit
‚ùå fara pret gasit
‚ùå fara pret gasit
‚ùå fara pret gasit
‚ùå fara pret gasit
‚ùå fara pret gasit
‚ùå fara pret gasit
‚ùå fara pret gasit
‚ùå fara pret gasit
‚ùå fara pret gasit
‚ùå fara pret gasit
‚ùå fara pret gasit
‚ùå fara pret gasit
‚ùå fara pret gasit
‚ùå fara pret gasit
‚ùå fara pret gasit
‚ùå fara pret gasit
‚ùå fara pret gasit
‚ùå fara pret gasit
‚ùå fara pret gasit
‚ùå fara pret gasit
‚ùå fara pret gasit
‚ùå fara pret gasit
‚ùå fara pret gasit
‚ùå fara pret gasit
‚ùå fara pret gasit
‚ùå fara pret gasit
‚ùå fara pret gasit
‚ùå fara pret gasit
‚ùå fara pret gasit
‚ùå fara pret gasit
‚ùå fara pret gasit
‚ùå fara pret gasit
‚ùå fara pret gasit
‚ùå fara pret gasit
‚ùå fara pret gasit
‚ùå fara pret gasit
‚ùå fara pret gasit
‚ùå fara pret gasit
‚ùå fara pret gasit
‚ùå fara pret gasit
‚ùå fara pret gasit
‚ùå fara pret gasit
‚ùå fara pret gasit
‚ùå fara pret gasit
‚ùå fara pret gasit
‚ùå fara pret gasit
‚ùå fara pret gasit
‚ùå fara pret gasit
‚ùå fara pret gasit
‚ùå fara pret gasit
‚ùå fara pret gasit
‚úÖ 200, 400, 470, 500, 550, 620, 650, 680, 740, 850, 880, 970, 980, 1200, 1500, 1970, 2070, 2400, 2470, 2850, 2980 lei ‚Üí min=200, max=2980
‚ùå fara pret gasit
‚ùå fara pret gasit
‚ùå fara pret gasit
‚ùå fara pret gasit
‚ùå fara pret gasit
‚ùå fara pret gasit
‚ùå fara pret gasit
‚ùå fara pret gasit
‚ùå fara pret gasit
‚ùå fara pret gasit

‚ïê‚ïê‚ïê‚ïê‚ïê‚ïê‚ïê‚ïê‚ïê‚ïê‚ïê‚ïê‚ïê‚ïê‚ïê‚ïê‚ïê‚ïê‚ïê‚ïê‚ïê‚ïê‚ïê‚ïê‚ïê‚ïê‚ïê‚ïê‚ïê‚ïê‚ïê‚ïê‚ïê‚ïê‚ïê‚ïê‚ïê‚ïê‚ïê‚ïê‚ïê‚ïê‚ïê‚ïê‚ïê‚ïê‚ïê‚ïê‚ïê‚ïê‚ïê‚ïê‚ïê‚ïê‚ïê‚ïê‚ïê‚ïê‚ïê‚ïê
Actualizate: 1
Fara pret: 106
Total procesate: 107
å fara pret gasit
[45/107] Happy Kids Project - Before & After Scho... ‚ùå fara pret gasit
[46/107] Euclid Afterschool... ‚ùå fara pret gasit
[47/107] Liceul Teoretic "Just 4 Kids"... ‚ùå fara pret gasit
[48/107] WhizKidz Hub - Afterschool... ‚ùå fara pret gasit
[49/107] Smiley After School... ‚ùå fara pret gasit
[50/107] Abc Kids - After and Before Center Kids ... ‚ùå fara pret gasit
[51/107] Happy Kids Otopeni... ‚ùå fara pret gasit
[52/107] EVIA Kids - sector 4 Afterschool... ‚ùå fara pret gasit
[53/107] IQ-EST After School Bucuresti... ‚ùå fara pret gasit
[54/107] "WonderKids" Before and After School... ‚ùå fara pret gasit
[55/107] Kinderium Before & After School Sector 5... ‚ùå fara pret gasit
[56/107] Alice si taramul fermecat... ‚ùå fara pret gasit
[57/107] Kinderlachen Gradinita Germana & Aftersc... ‚ùå fara pret gasit
[58/107] EDU&CARE... ‚ùå fara pret gasit
[59/107] My Universe-Afterschool... ‚ùå fara pret gasit
[60/107] Babel Language Militari Residence... ‚ùå fara pret gasit
[61/107] A&M After School... ‚ùå fara pret gasit
[62/107] Maria International School (former Maria... ‚ùå fara pret gasit
[63/107] Smart&Fun After School Crangasi... ‚ùå fara pret gasit
[64/107] Jolly Kids... ‚ùå fara pret gasit
[65/107] Asociatia Hands On & After School... ‚ùå fara pret gasit
[66/107] Gradinita Before After School Happy Kids... ‚ùå fara pret gasit
[67/107] Dreamworld After School... ‚ùå fara pret gasit
[68/107] EDU for Kids Afterschool... ‚ùå fara pret gasit
[69/107] Clubul Copiilor Smart Generation... ‚ùå fara pret gasit
[70/107] »òcolar AS... ‚ùå fara pret gasit
[71/107] Kids Club Baneasa... ‚ùå fara pret gasit
[72/107] Junior Genius Club... ‚ùå fara pret gasit
[73/107] Steaua Nordului... ‚ùå fara pret gasit
[74/107] SmartyKids Dorobanti Floreasca - aritmet... ‚ùå fara pret gasit
[75/107] Kogaion Gifted Academy... ‚ùå fara pret gasit
[76/107] GoKidsGo Academy... ‚ùå fara pret gasit
[77/107] KIDS POWER PREMIUM SCHOOL... ‚ùå fara pret gasit
[78/107] Gradinita - After School Aristokids... ‚ùå fara pret gasit
[79/107] Mini Stars Learning Center... ‚ùå fara pret gasit
[80/107] SmartyKids Iancului Obor... ‚ùå fara pret gasit
[81/107] Montessima Educational... ‚ùå fara pret gasit
[82/107] Arons Education Center... ‚ùå fara pret gasit
[83/107] Gradinita Ziana / Universal Kids Global... ‚ùå fara pret gasit
[84/107] PRO Academy Afterschool... ‚ùå fara pret gasit
[85/107] Iuladi Kids... ‚ùå fara pret gasit
[86/107] SmartyKids Timpuri Noi - AritmeticƒÉ ment... ‚ùå fara pret gasit
[87/107] MindHub Bucure»ôti - Unirii... ‚ùå fara pret gasit
[88/107] Just4Kids... ‚ùå fara pret gasit
[89/107] Alex and Friends... ‚ùå fara pret gasit
[90/107] Lumea Copilului - Afterschool... ‚ùå fara pret gasit
[91/107] Atlanthea Tineretului | Afterschool | Gr... ‚ùå fara pret gasit
[92/107] King George | International School... ‚ùå fara pret gasit
[93/107] Clubul de Educatie Alternativa - Policy ... ‚ùå fara pret gasit
[94/107] Centrul de Excelenta in Educatie Clubul ... ‚ùå fara pret gasit
[95/107] Rainbow Kids Kindergarten... ‚ùå fara pret gasit
[96/107] "My Universe" Kindergarten... ‚ùå fara pret gasit
[97/107] Little Team THE COLLEGE childcare... ‚úÖ 200, 400, 470, 500, 550, 620, 650, 680, 740, 850, 880, 970, 980, 1200, 1500, 1970, 2070, 2400, 2470, 2850, 2980 lei ‚Üí min=200, max=2980
[98/107] Turnul Artelor: Afterschool Bilingv Roma... ‚ùå fara pret gasit
[99/107] Be Smart Kids Club... ‚ùå fara pret gasit
[100/107] Corina Club After School... ‚ùå fara pret gasit
[101/107] Plaza Romania... ‚ùå fara pret gasit
[102/107] Kid Station Afterschool... ‚ùå fara pret gasit
[103/107] Muzeul Copiilor... ‚ùå fara pret gasit
[104/107] Anademia - Hub Educational - Ateliere de... ‚ùå fara pret gasit
[105/107] Gradini»õa Centrul Educational Nordic... ‚ùå fara pret gasit
[106/107] Echilibria Montessori Education... ‚ùå fara pret gasit
[107/107] Gradinita IQest... ‚ùå fara pret gasit

‚ïê‚ïê‚ïê‚ïê‚ïê‚ïê‚ïê‚ïê‚ïê‚ïê‚ïê‚ïê‚ïê‚ïê‚ïê‚ïê‚ïê‚ïê‚ïê‚ïê‚ïê‚ïê‚ïê‚ïê‚ïê‚ïê‚ïê‚ïê‚ïê‚ïê‚ïê‚ïê‚ïê‚ïê‚ïê‚ïê‚ïê‚ïê‚ïê‚ïê‚ïê‚ïê‚ïê‚ïê‚ïê‚ïê‚ïê‚ïê‚ïê‚ïê‚ïê‚ïê‚ïê‚ïê‚ïê‚ïê‚ïê‚ïê‚ïê‚ïê
Actualizate: 1
Fara pret: 106
Total procesate: 107
t gasit
[110/111] Echilibria Montessori Education... ‚ùå fara pret gasit
[111/111] Gradinita IQest... ‚ùå fara pret gasit

‚ïê‚ïê‚ïê‚ïê‚ïê‚ïê‚ïê‚ïê‚ïê‚ïê‚ïê‚ïê‚ïê‚ïê‚ïê‚ïê‚ïê‚ïê‚ïê‚ïê‚ïê‚ïê‚ïê‚ïê‚ïê‚ïê‚ïê‚ïê‚ïê‚ïê‚ïê‚ïê‚ïê‚ïê‚ïê‚ïê‚ïê‚ïê‚ïê‚ïê‚ïê‚ïê‚ïê‚ïê‚ïê‚ïê‚ïê‚ïê‚ïê‚ïê‚ïê‚ïê‚ïê‚ïê‚ïê‚ïê‚ïê‚ïê‚ïê‚ïê
Actualizate: 5
Fara pret: 106
Total procesate: 111
