📦 DB curent: 0 cluburi
🔎 Total cautari planificate: 148


[1/148]

🔍 [inot] "bazin inot copii Aviatiei Bucuresti"
  Gasit 7 rezultate
  ✅ [inot] Aquaholix Swimming Club | Strada Gării Otopeni 5-11, 075100 Otopeni
  ✅ [inot] Clubul Micii Campioni | Strada Străbună, 012466 București
  ✅ [inot] Aqua Sport | Strada Virgil Madgearu 25-27, 077190 București
  ✅ [inot] Happy Swim School - ora de inot - inot pentru copii - Piscina inot copii - Swim Team - Swimming | Poligrafiei 3 - 5, 013704 București
  ✅ [inot] Bazin Floreasca | Bulevardul Mircea Eliade, Strada Aviator Popa Marin 2, 014192 București
  ✅ [inot] Acvatic Bebe Club | Strada Pictor Barbu Iscovescu 19, 011936 București
  ✅ [inot] Cursuri inot Floreasca - Phoenix Swim | Strada Aviator Popa Marin 2, 014195 București
  → 7 noi

[2/148]

🔍 [inot] "bazin inot copii Floreasca Bucuresti"
  Gasit 5 rezultate
  ⏩ Skip (irelevant): BSC Pantelimon
  ✅ [inot] Club Floreasca | Bulevardul Mircea Eliade 1, 012011 București
  → 1 noi

[3/148]

🔍 [inot] "bazin inot copii Herastrau Bucuresti"
  Gasit 12 rezultate
  ✅ [inot] Cursuri inot Aqua Swim - Herastrau | Strada Aron Cotruș 5, 014131 București
  ✅ [inot] BSC BANEASA Cursuri inițiere înot Baneasa | Strada Aviator Popa Marin 2, 011962 București
  ✅ [inot] Clubul de înot București | Poligrafiei 3 - 5, 013704 București
  → 3 noi

[4/148]

🔍 [inot] "bazin inot copii Dorobanti Bucuresti"
  Gasit 0 rezultate
  → 0 noi

[5/148]

🔍 [inot] "bazin inot copii Drumul Taberei Bucuresti"
  Gasit 0 rezultate
  → 0 noi

[6/148]

🔍 [inot] "bazin inot copii Militari Bucuresti"
  Gasit 20 rezultate
  ⏩ Skip (irelevant): Militari Wellness
  ✅ [inot] Swimming Team | Strada Larisa 2, 060215 București
  ✅ [inot] Bazin inot scoala 25 | Strada Ghinea Brătășanu 7, 023434 București
  ✅ [inot] Cursuri inot LCD Club - Alexandreea | Bulevardul Basarabia 37-39, 700000 București
  ✅ [inot] Bluemarin Sport Club | Bazin Polo Rapid, Calea Giulești 18, 062293 București
  ✅ [inot] Complex Sportiv 2000 | Strada Gabriela Szabo 3 - 11, 062293 București
  ✅ [inot] Alexandreea Club Fitness & Spa | Piscină, Fitness, Aerobic,Teren Fotbal, Spinning | Initiere Inot Copii & Adulti | Bulevardul Basarabia 37-39, 022114 București
  ✅ [inot] Wellness Club | Strada Chiristigiilor 46, 021586 București
  ✅ [inot] OneSwimClub - Cursuri de Inot, Militari | Incinta Militari Residence Wellness, Str. Rezervelor 72, 077042 Roșu
  ✅ [inot] Atack Team - Scoala 25 | Strada Ghinea Brătășanu nr.7, 023445 București
  ⏩ Skip (in afara Bucurestiului): Centrul K'Sport Zambetul Trupului
  ⏩ Skip (in afara Bucurestiului): Clubul de inot Energy - Cursuri inot copii si adulti, sector 2 si 3
  ⏩ Skip (in afara Bucurestiului): Restaurantul si Piscina Aqua Garden Militari
  ⏩ Skip (in afara Bucurestiului): Bazinul de înot Steaua Bucureşti
  ✅ [inot] Cursuri de inot copii & adulti | București
  ✅ [inot] Bazin înot Olimpia | Șoseaua Iancului 128A, 021715 București
  → 11 noi

[7/148]

🔍 [inot] "bazin inot copii Titan Bucuresti"
  Gasit 5 rezultate
  ✅ [inot] Bazin Hamburg 195 | Strada Lunca Bradului 2, 032713 București
  → 1 noi

[8/148]

🔍 [inot] "bazin inot copii Berceni Bucuresti"
  Gasit 15 rezultate
  ⏩ Skip (irelevant): BSC Berceni
  ✅ [inot] Aqua Life Swimming Club | Șoseaua Berceni 8, 041914 București
  ✅ [inot] Aqua Gym Romania | Șoseaua Berceni 8, 041914 București
  ⏩ Skip (irelevant): BSC Berceni
  ⏩ Skip (irelevant): Summer Park Strand Berceni
  ✅ [inot] Cursuri inot copii si adulti la Scoala 190 | Strada Secuilor nr. 14, 041543 București
  ✅ [inot] Viva Sport Club | Șoseaua Olteniței 103, 041303 București
  ✅ [inot] Aqua Gym Bucuresti | Strada Turnu Măgurele, 041712 București
  ⏩ Skip (irelevant): Bery BSC Fitness & Spa Berceni
  ✅ [inot] Școala Română de Înot | Șoseaua Olteniței 103, Bulevardul Basarabia 37-39, 041303 București
  ✅ [inot] Aqua Bebe - sector 4 | Șoseaua Vitan-Bârzești 7D, 042121 București
  → 7 noi

[9/148]

🔍 [inot] "bazin inot copii Colentina Bucuresti"
  Gasit 20 rezultate
  ⏩ Skip (irelevant): BSC Pantelimon
  ✅ [inot] Club Inot Swimming Team Fundeni | swimming Team, campus școlar, 077085 București
  ✅ [inot] Aqua Team / Navi Bucuresti | Bulevardul Chișinău 62, București
  ✅ [inot] Pao Kids | Str. Greblei 9, 023307 București
  → 3 noi

[10/148]

🔍 [inot] "bazin inot copii Cotroceni Bucuresti"
  Gasit 6 rezultate
  ⏩ Skip (irelevant): BSC Pantelimon
  ✅ [inot] Bazin Înot Medicină | Bulevardul Eroii Sanitari 67, 050475 București
  ⏩ Skip (irelevant): Atack Team - Carol Davila
  ✅ [inot] Bazinul de înot Steaua Bucureşti | Bulevardul Ghencea 35, 061701 București
  → 2 noi

[11/148]

🔍 [inot] "bazin inot copii Tineretului Bucuresti"
  Gasit 11 rezultate
  ⏩ Skip (irelevant): BSC Berceni
  ⏩ Skip (irelevant): Ștrandul Văcărești
  ⏩ Skip (irelevant): Complexul Tineretului
  ✅ [inot] Daimon Sport& Spa | Calea Piscului 10, 040354 București
  ⏩ Skip (irelevant): Complexul Tineretului
  → 1 noi

[12/148]

🔍 [inot] "bazin inot copii Rahova Bucuresti"
  Gasit 2 rezultate
  → 0 noi

[13/148]

🔍 [inot] "scoala inot copii Bucuresti"
  Gasit 20 rezultate
  ⏩ Skip (irelevant): BSC Berceni
  ✅ [inot] Aqua Performance Academy | Inot Copii, AquaBebe, Hidrokineto, Initiere, Sector 2 si Sector 3 | Bulevardul Basarabia 37-39, 022114 București
  ✅ [inot] Aqua Bebe - Cursuri inot Bebelusi | Str. Greblei 9, 023307 București
  ✅ [inot] OBSwim Olimpia | Bazin Club Sportiv Olimpia, Șoseaua Iancului 128 A, 021729 București
  ✅ [inot] Clubul de inot Energy - Cursuri inot copii si adulti, sector 2 si 3 | Bulevardul Basarabia 37-39, 022114 București
  → 4 noi

[14/148]

🔍 [inot] "club inot copii Bucuresti"
  Gasit 20 rezultate
  ⏩ Skip (irelevant): BSC Pantelimon
  ✅ [inot] Club Miramar | Complex Miramar, Bulevardul Chișinău, 022153 București
  → 1 noi

[15/148]

🔍 [inot] "aqua park lectii inot Bucuresti"
  Gasit 20 rezultate
  ⏩ Skip (irelevant): BSC Pantelimon
  ✅ [inot] Aqua Champions School | Bulevardul Basarabia 37-39, 022103 București
  → 1 noi

[16/148]

🔍 [inot] "lectii inot copii sector 1 Bucuresti"
  Gasit 20 rezultate
  ✅ [inot] Cursuri inot sector 1 - Phoenix Swim | Strada Buzești 14-18, 011011 București
  → 1 noi

[17/148]

🔍 [inot] "lectii inot copii sector 2 Bucuresti"
  Gasit 20 rezultate
  ⏩ Skip (irelevant): BSC Pantelimon
  ✅ [inot] Bery by Swim Factory | Str. Elev Ștefan Ștefănescu 66, 077085 București
  → 1 noi

[18/148]

🔍 [inot] "lectii inot copii sector 3 Bucuresti"
  Gasit 20 rezultate
  ⏩ Skip (irelevant): BSC Berceni
  ⏩ Skip (irelevant): Casa Campionilor Navi
  ✅ [inot] Bazin Inot Aqua Sport Olimpia (Vitan) - Cursuri inot copii | Strada Drumeagului 49, 031877 București
  → 1 noi

[19/148]

🔍 [inot] "lectii inot copii sector 4 Bucuresti"
  Gasit 14 rezultate
  ⏩ Skip (irelevant): BSC Berceni
  ⏩ Skip (irelevant): BSC Berceni
  → 0 noi

[20/148]

🔍 [inot] "lectii inot copii sector 5 Bucuresti"
  Gasit 0 rezultate
  → 0 noi

[21/148]

🔍 [inot] "lectii inot copii sector 6 Bucuresti"
  Gasit 20 rezultate
  ⏩ Skip (irelevant): BSC GHENCEA
  ✅ [inot] Cursuri Inot Poseidon | Bulevardul Ghencea 35, 061695 București
  → 1 noi

[22/148]

🔍 [fotbal] "scoala fotbal copii Aviatiei Bucuresti"
  Gasit 20 rezultate
  ✅ [fotbal] Chelsea Karate Club Bucuresti | Strada Cuza Vodă nr. 51, 040281 București
  ✅ [fotbal] Scoala de fotbal Astra Kids Bucuresti | Bulevardul Pierre de Coubertin 11, București
  ✅ [fotbal] Academia de fotbal Super Team | Șoseaua Iancului 128a, 021742 București
  ✅ [fotbal] ACS Raiders Bucuresti - Scoala de Fotbal Copii | Șoseaua Olteniței 129, 041306 București
  ✅ [fotbal] Centrul de performanța Valencia | Arena Națională, Strada Sergent Șerbănică Vasile, 022186 București
  ✅ [fotbal] Scoala Fotbal Copii Rapid București SFR - Teren Fotbal SFR | Strada Băiculești 31, 013195 București
  ✅ [fotbal] AS COSMO SPORTS - Scoala de fotbal pentru copii si juniori | București
  ✅ [fotbal] Cursuri de fotbal | Strada Trapezului 4, 077160 București
  → 8 noi

[23/148]

🔍 [fotbal] "scoala fotbal copii Floreasca Bucuresti"
  Gasit 20 rezultate
  ✅ [fotbal] Tenis Club Galaxy | Clubul Sportiv Galaxy, Strada Oltețului 30, 014192 București
  → 1 noi

[24/148]

🔍 [fotbal] "scoala fotbal copii Drumul Taberei Bucuresti"
  Gasit 19 rezultate
  ⏩ Skip (irelevant): AS Real New
  ⏩ Skip (in afara Bucurestiului): ProSport Arena
  ✅ [fotbal] Teren de Fotbal | București
  ⏩ Skip (irelevant): BSP Arena
  → 1 noi

[25/148]

🔍 [fotbal] "scoala fotbal copii Militari Bucuresti"
  Gasit 20 rezultate
  ⏩ Skip (irelevant): BSP Arena
  ⏩ Skip (in afara Bucurestiului): AFC GeoSport
  ⏩ Skip (irelevant): BSP Arena
  ⏩ Skip (irelevant): AS Dan Chilom
  ⏩ Skip (in afara Bucurestiului): AFC GeoSport
  ⏩ Skip (in afara Bucurestiului): Sport Team
  → 0 noi

[26/148]

🔍 [fotbal] "scoala fotbal copii Titan Bucuresti"
  Gasit 5 rezultate
  → 0 noi

[27/148]

🔍 [fotbal] "scoala fotbal copii Berceni Bucuresti"
  Gasit 0 rezultate
  → 0 noi

[28/148]

🔍 [fotbal] "scoala fotbal copii Colentina Bucuresti"
  Gasit 20 rezultate
  ⏩ Skip (irelevant): ASC Daco-Getica București
  ⏩ Skip (irelevant): Stadionul Colentina
  ✅ [fotbal] Fotbal Club Juvenil | Strada Oltețului 30, 023818 București
  → 1 noi

[29/148]

🔍 [fotbal] "scoala fotbal copii Pantelimon Bucuresti"
  Gasit 20 rezultate
  ⏩ Skip (irelevant): CSO Pantelimon
  ⏩ Skip (irelevant): AS Dan Chilom
  ✅ [fotbal] Clubul Sportiv Scolar nr. 2 | Bulevardul Ferdinand I 28, 021381 București
  ✅ [fotbal] Complexul Sportiv Ion Țiriac | Bucuresti
  → 2 noi

[30/148]

🔍 [fotbal] "club fotbal juniori Bucuresti"
  Gasit 20 rezultate
  ✅ [fotbal] ACS Juniorul 2014 | Aleea Perișoru 8-10, bloc 2 scara 1, București
  ✅ [fotbal] Fotbal Club Juniorul Bucuresti | Scoala 96, Stadionul ROCAR, Strandul Berceni, 040952
  ✅ [fotbal] Zamsport Club | Pro Luceafarul, 022186 București
  ⏩ Skip (irelevant): AS Dan Chilom
  ✅ [fotbal] Federația Română de Fotbal | Strada Sergent Șerbănică Vasile 12, 022186 București
  → 4 noi

[31/148]

🔍 [fotbal] "academie fotbal copii Bucuresti"
  Gasit 20 rezultate
  ✅ [fotbal] Sport Team | Bulevardul Expoziției 22, 012244 București
  → 1 noi

[32/148]

🔍 [fotbal] "scoala fotbal copii sector 1 Bucuresti"
  Gasit 14 rezultate
  ✅ [fotbal] Champion Club Fotbal Arena | Aleea Primo Nebiolo 2, 011349 București
  ⏩ Skip (in afara Bucurestiului): CSS1 Bucuresti Catedra Fotbal
  → 1 noi

[33/148]

🔍 [fotbal] "scoala fotbal copii sector 2 Bucuresti"
  Gasit 20 rezultate
  ⏩ Skip (irelevant): AS Dan Chilom
  ✅ [fotbal] Teren sintetic Complexul sportiv national Lia Manoliu | Strada Sergent Șerbănică Vasile, București
  → 1 noi

[34/148]

🔍 [fotbal] "scoala fotbal copii sector 3 Bucuresti"
  Gasit 20 rezultate
  ✅ [fotbal] ACP 3 KIDS SPORT | Șoseaua Vitan-Bârzești 5-7, 042121 București
  → 1 noi

[35/148]

🔍 [fotbal] "scoala fotbal copii sector 4 Bucuresti"
  Gasit 12 rezultate
  ⏩ Skip (irelevant): ACS ASTERRA BUCURESTI
  ⏩ Skip (irelevant): A.S. YOUNG TIGERS BUCURESTI
  ⏩ Skip (irelevant): Sud Arena
  ⏩ Skip (irelevant): Lions FC Bucuresti
  ✅ [fotbal] Baza sportivă Romprim | Șoseaua Olteniței 195, 077160 București
  → 1 noi

[36/148]

🔍 [fotbal] "scoala fotbal copii sector 5 Bucuresti"
  Gasit 20 rezultate
  ⏩ Skip (in afara Bucurestiului): Clubul Copiilor Sector 5 București
  → 0 noi

[37/148]

🔍 [fotbal] "scoala fotbal copii sector 6 Bucuresti"
  Gasit 20 rezultate
  ⏩ Skip (irelevant): BSP Arena
  ⏩ Skip (in afara Bucurestiului): Fotbal Club Planet
  ✅ [fotbal] Fotbal Club Planet | Bulevardul Timișoara 8A, 061344 București
  ⏩ Skip (in afara Bucurestiului): Clubul Sportiv "Micii Fotbaliști"
  ⏩ Skip (in afara Bucurestiului): AFC GeoSport
  → 1 noi

[38/148]

🔍 [fotbal] "fotbal copii Baneasa Bucuresti"
  Gasit 20 rezultate
  ✅ [fotbal] Aerofotbal - teren fotbal | Strada Gârlei nr. 1, 013721 București
  → 1 noi

[39/148]

🔍 [fotbal] "fotbal copii Herastrau Bucuresti"
  Gasit 0 rezultate
  → 0 noi

[40/148]

🔍 [dansuri] "scoala dans copii Aviatiei Bucuresti"
  Gasit 20 rezultate
  ✅ [dansuri] Vertigo Dance - PIPERA | Bulevardul Pipera 4e, 077190 Voluntari
  ✅ [dansuri] Challenge Arts Studio | Strada Părintele Galeriu 12-14, Etaj 2, 030167 București
  ✅ [dansuri] Casa de Balet - Studio Aviatiei | Strada Soldat Gheorghe Pripu 22A, 014376 București
  ✅ [dansuri] Wilmark Dance Academy | Strada Fântânica 38, 2, 021841 București
  ⏩ Skip (irelevant): Arthur Murray Bucharest
  ⏩ Skip (irelevant): LIFE is Cool AVIATIEI - EduHub & Afterschool
  ✅ [dansuri] Școala de dans FirstDance | Strada Carol Knappe 95, 011508 București
  ✅ [dansuri] Dance Time | Barbu Văcărescu, Strada Gheorghe Matac 15-17, 020053 București
  ⏩ Skip (irelevant): Magic Steps
  ✅ [dansuri] Impetus Dance Studio | Strada Foișorului Nr. 10A, Etaj 4 si 5, 031179 București
  ✅ [dansuri] AnaDance - Parklake | Str. Liviu Rebreanu nr 4, 031783 București
  ✅ [dansuri] Joie de Vivre, studio Muncii | Calea Călărașilor 161, etaj 5, 030614 București
  ✅ [dansuri] Cursuri de balet Stop&Dance | Strada Carol Knappe 95, 011508 București
  ✅ [dansuri] Triumph Dance Academy | Strada Doctor Sergiu Dumitru 5, 011025 București
  ✅ [dansuri] Music Academy Aviatiei : cursuri de pian, chitara si canto pentru copii | Strada Ocheanului 13-15, sector 1, 014367 București
  ✅ [dansuri] Victoria Dance Studio | Strada Hagi Moscu Maria 5, 011153 București
  ✅ [dansuri] Magic Dance Club | Strada Justiției 54, 040116 București
  ✅ [dansuri] Stop and Dance | Liceul Teoretic Nicolae Iorga, Bulevardul Ion Mihalache 126, 011178 București
  → 15 noi

[41/148]

🔍 [dansuri] "scoala dans copii Floreasca Bucuresti"
  Gasit 20 rezultate
  ✅ [dansuri] Dance Vision - Cursuri Dans Baba Novac | Strada Popa Stoica Farcaș 92, 031454 București
  ✅ [dansuri] Școala de Dans Năframa, Cursuri Dans Popular București | Strada Vasile Lascăr 171, 020497 București
  ✅ [dansuri] Roza Dance - Cursuri dans | Str. Barbu Văcărescu nr 11, 020271 București
  ✅ [dansuri] Școala de dans Best Move | Strada Vasile Lascăr 171, 020497 București
  → 4 noi

[42/148]

🔍 [dansuri] "scoala dans copii Drumul Taberei Bucuresti"
  Gasit 8 rezultate
  ⏩ Skip (irelevant): Arta Jucăușă
  ✅ [dansuri] Dance Planet | Bulevardul Ghencea 43B, 061696 București
  ⏩ Skip (irelevant): DiA D Academy
  ✅ [dansuri] Silver Dance Academy | Strada Mihail Sebastian 130, 061344 București
  ✅ [dansuri] Cursuri de Streetdance ( Militari -Lujerului- Iuliu Maniu -Virtutii-Gorjului Sector 6) | Strada Dealul Țugulea 3, 060861 București
  ✅ [dansuri] Scoala de dans Stop and Dance (Lujerului - Veteranilor) | Strada Dealul Țugulea 3B, 060866 București
  → 4 noi

[43/148]

🔍 [dansuri] "scoala dans copii Militari Bucuresti"
  Gasit 20 rezultate
  ✅ [dansuri] Dance Vision Bucharest- Romania - Cursuri Dans | Piata Gorjului, Bulevardul Iuliu Maniu 140-141, 061128 București
  ✅ [dansuri] Școala de Dans Let's Dance | Bulevardul Iuliu Maniu nr. 140-142, 061115 București
  ✅ [dansuri] Step Up Dance | Bulevardul Iuliu Maniu, 061072 București
  ✅ [dansuri] Stars Gym Academy Militari - Cursuri Balet, Gimnastica, Dans Copii Sector 6 | Bucuresti
  ✅ [dansuri] Phase One Dance Studio Gorjului | Bulevardul Iuliu Maniu 138 - 140, 061115 București
  → 5 noi

[44/148]

🔍 [dansuri] "scoala dans copii Titan Bucuresti"
  Gasit 20 rezultate
  ⏩ Skip (irelevant): Arta Jucăușă
  ✅ [dansuri] My Dance Studio | Str. Liviu Rebreanu 30a, 031792 București
  ✅ [dansuri] Scoala de dans Daniel Petre - Sector 3 | Bulevardul Theodor Pallady 287, 032267 București
  ✅ [dansuri] Scoala de dans pentru copii KiDance | Cladirea Restaurant "La Patrascu, Strada Ștefan S. Nicolau 2A, 031602 București
  ✅ [dansuri] Domino Dance - Florin Baboi | Str. Soldat Stelian N. Mihale 12A, 032371 București
  → 4 noi

[45/148]

🔍 [dansuri] "scoala dans copii Colentina Bucuresti"
  Gasit 20 rezultate
  ⏩ Skip (irelevant): Arta Jucăușă
  ✅ [dansuri] DanceClub316 | Șoseaua Colentina 316, 021158 București
  ✅ [dansuri] Pas cu Pas Balet | Fantanica 38, 013812 București
  ✅ [dansuri] AvanGarde Dance Studio | Șos. Pantelimon 248-250, 021646 București
  ✅ [dansuri] Scoala de Dans si Muzica Royal Dance & Music | Șos. Pantelimon 300 etaj 7, 021655 București
  → 4 noi

[46/148]

🔍 [dansuri] "studio dans copii Bucuresti"
  Gasit 20 rezultate
  ⏩ Skip (irelevant): Arta Jucăușă
  ✅ [dansuri] Ballet Dance Studio Heart&Soul | Bulevardul Chișinău 1, 022141 București
  ✅ [dansuri] Happy Feet Studio | Șoseaua Mihai Bravu 223, Etaj 2, 030301 București
  ✅ [dansuri] Contessina Dance Studio | Șos. Pantelimon nr 355, București
  → 3 noi

[47/148]

🔍 [dansuri] "balet copii Bucuresti"
  Gasit 20 rezultate
  ⏩ Skip (irelevant): Arta Jucăușă
  ✅ [dansuri] Sena Studio Balet | Strada Ion Minulescu 93, etaj 1, 031215 București
  ✅ [dansuri] Bucharest City Ballet | Strada Turturelelor 11a, 030881 București
  → 2 noi

[48/148]

🔍 [dansuri] "dans modern copii Bucuresti"
  Gasit 14 rezultate
  ✅ [dansuri] Soft Step - Scoala Dans (din 2007) | Șoseaua Berceni 8, 041902 București
  → 1 noi

[49/148]

🔍 [dansuri] "hip hop dans copii Bucuresti"
  Gasit 14 rezultate
  ✅ [dansuri] Perfect Show - Școală dans | Drumul Gilăului 30, 041715 București
  ✅ [dansuri] Dance Prestige | Bulevardul Dacia 169, 020057 București
  → 2 noi

[50/148]

🔍 [dansuri] "dans sportiv copii Bucuresti"
  Gasit 20 rezultate
  ✅ [dansuri] HAPPY Star-club sportiv:dans, balet, majorete, street dance | Strada Jean Steriadi nr 17, etaj 1 si 2, 031423 București
  → 1 noi

[51/148]

🔍 [dansuri] "scoala dans copii sector 1 Bucuresti"
  Gasit 20 rezultate
  ⏩ Skip (irelevant): Con Sabor
  ⏩ Skip (irelevant): Magic Steps
  ✅ [dansuri] Cursuri de dans contemporan | Strada Ion Brezoianu 23-25, 030167 București
  → 1 noi

[52/148]

🔍 [dansuri] "scoala dans copii sector 2 Bucuresti"
  Gasit 20 rezultate
  ✅ [dansuri] Kids Academy Obor (Fitness / kickbox / karate / dansuri / pilates) | Strada Vaporul lui Assan 3, 021141 București
  → 1 noi

[53/148]

🔍 [dansuri] "scoala dans copii sector 3 Bucuresti"
  Gasit 20 rezultate
  ⏩ Skip (irelevant): Arta Jucăușă
  ✅ [dansuri] Dansul Mirilor - ANIRI Dance Bucuresti | Strada Drumețului 57, 031891 București
  → 1 noi

[54/148]

🔍 [dansuri] "scoala dans copii sector 4 Bucuresti"
  Gasit 20 rezultate
  ⏩ Skip (irelevant): BloomArt Academy
  ✅ [dansuri] Casa del Baile | Cursuri de Dans | Șoseaua Olteniței 103, 041303 București
  → 1 noi

[55/148]

🔍 [dansuri] "scoala dans copii sector 5 Bucuresti"
  Gasit 20 rezultate
  ⏩ Skip (irelevant): Arta Jucăușă
  ⏩ Skip (in afara Bucurestiului): În Pași de Dans
  ⏩ Skip (in afara Bucurestiului): Dance World
  ⏩ Skip (in afara Bucurestiului): TROUBLE Academy - Școală de dans
  ⏩ Skip (in afara Bucurestiului): IMPERIUS Dance Studio
  → 0 noi

[56/148]

🔍 [dansuri] "scoala dans copii sector 6 Bucuresti"
  Gasit 20 rezultate
  ⏩ Skip (irelevant): Arta Jucăușă
  ✅ [dansuri] Dance 4Fun | Cladirea de birouri "Ipromet, Langa Auchan, Bulevardul Constructorilor 20A, etaj 3, 060512 București
  → 1 noi

[57/148]

🔍 [arte_martiale] "karate copii Aviatiei Bucuresti"
  Gasit 20 rezultate
  ⏩ Skip (irelevant): Absoluto Fighting Center
  ⏩ Skip (in afara Bucurestiului): Nicolae Stoian - Kyokushin Karate & Kickboxing Academy
  ⏩ Skip (in afara Bucurestiului): Cursuri karate copii sector 2 si cursuri karate adulti Bucuresti ACS ShuHaRi
  ⏩ Skip (in afara Bucurestiului): Kempo Autoaparare copii fete si baieti arte martiale kickbox
  ⏩ Skip (in afara Bucurestiului): Club Sportiv Akura
  ⏩ Skip (irelevant): Kami-Do
  ⏩ Skip (in afara Bucurestiului): Sala Kickboxing Bucuresti SHINPO
  ⏩ Skip (in afara Bucurestiului): Nicolae Stoian - Kyokushin Karate & Kickboxing Academy
  ⏩ Skip (in afara Bucurestiului): Clubul Sportiv Budokai
  ⏩ Skip (in afara Bucurestiului): Academia de Karate
  ⏩ Skip (in afara Bucurestiului): Art Dojo by Aikido Bucuresti
  ⏩ Skip (in afara Bucurestiului): Cursuri karate copii sector 5 & karate adulti ACS ShuHaRi Karate Bucuresti
  ⏩ Skip (in afara Bucurestiului): Cursuri Karate
  → 0 noi

[58/148]

🔍 [arte_martiale] "karate copii Floreasca Bucuresti"
  Gasit 20 rezultate
  ⏩ Skip (irelevant): Absoluto Veranda
  ✅ [arte_martiale] Scoala/cursuri de karate - grupe pentru copii/grupe pentru adulti - Club Sportiv Yawara | sala Yawara, Bulevardul Chișinău 1, et.1, 022145 București
  ✅ [arte_martiale] Cursuri karate copii sector 2 si cursuri karate adulti Bucuresti ACS ShuHaRi | Complex Delfinului, 030167 București
  ✅ [arte_martiale] Club Sportiv Akura | Șos. Pantelimon 300, București
  ✅ [arte_martiale] CLUBUL SPORTIV TENERE | Strada Măgura Vulturului 85, 077085 București
  ✅ [arte_martiale] Clubul Sportiv Budokai | Str. Teiul Doamnei 91, 023583 București
  ✅ [arte_martiale] Club Sportiv Yawara Karate | Șos. Pantelimon 10-12, et.4, 021631 București
  ✅ [arte_martiale] Academia de Karate | Strada Oltarului 6, 020765 București
  ⏩ Skip (in afara Bucurestiului): STRIKESPORTS GRUP SRL
  ✅ [arte_martiale] DRAGONII VLĂSIEI 2 – Karate Kyokushin Calea Plevnei | Strada Virgiliu 40, 010882 București
  ⏩ Skip (irelevant): AISHIROKEN DOJO
  ✅ [arte_martiale] Clubul Sportiv de Karate Shotokan FMK | Calea Rahovei 301, 052034 București
  ⏩ Skip (irelevant): Martial Arts by Mincu
  → 9 noi

[59/148]

🔍 [arte_martiale] "karate copii Drumul Taberei Bucuresti"
  Gasit 20 rezultate
  ⏩ Skip (irelevant): Absoluto COTROCENI
  ✅ [arte_martiale] Kids Hub Drumul Taberei | Kids Hub, Drumul Valea Doftanei 131C, 061444 București
  ✅ [arte_martiale] Dumkan Dojo - Aikido Aikikai | Bulevardul Constructorilor 20, Cladirea Ipromet, 060512 București
  ✅ [arte_martiale] Karate - Club ENPI Bucuresti | Strada Rușețu nr. 17, București
  ⏩ Skip (irelevant): ACS Komokuten
  → 3 noi

[60/148]

🔍 [arte_martiale] "karate copii Militari Bucuresti"
  Gasit 20 rezultate
  ⏩ Skip (irelevant): Absoluto COTROCENI
  ⏩ Skip (irelevant): OPTIblu Militari Shopping Bucuresti
  ⏩ Skip (in afara Bucurestiului): CLUBUL SPORTIV VARAN
  ✅ [arte_martiale] Kempo Autoaparare copii fete si baieti arte martiale kickbox | Piata Delfinului, B-dul Energeticienilor, Bulevardul Chișinău 1, 9E, 052034 București
  ⏩ Skip (irelevant): Stoica Brothers Fight Academy Militari
  ⏩ Skip (in afara Bucurestiului): Centrul K'Sport Zambetul Trupului
  ⏩ Skip (irelevant): Stoica Brothers Fight Academy Militari
  ⏩ Skip (irelevant): Okinawa Bucuresti
  → 1 noi

[61/148]

🔍 [arte_martiale] "karate copii Titan Bucuresti"
  Gasit 12 rezultate
  ⏩ Skip (irelevant): Absoluto Fighting Center
  ⏩ Skip (irelevant): Benny Fight Academy
  ✅ [arte_martiale] Electric Dojo Club Karate | Șoseaua Mihai Bravu 247, etaj 1, București
  ✅ [arte_martiale] Club Sportiv Impact | Strada Lemnișorului 21-27, nr. 21-27, București
  → 2 noi

[62/148]

🔍 [arte_martiale] "karate copii Berceni Bucuresti"
  Gasit 6 rezultate
  ⏩ Skip (irelevant): Absoluto Fighting Center
  ✅ [arte_martiale] TAS Marțial Arts, Arte Marțiale Copii,Autoapărare, Kickboxing, MMA, karate, Jiu jitsu | Șoseaua Berceni 8, 042092 București
  ✅ [arte_martiale] Academia de Arte Martiale Mixte - Shin Dojo | Șoseaua Berceni 8, 041902 București
  → 2 noi

[63/148]

🔍 [arte_martiale] "taekwondo copii Bucuresti"
  Gasit 20 rezultate
  ⏩ Skip (irelevant): Absoluto Veranda
  ✅ [arte_martiale] ARKO Sport University | Strada Mămulari, 030167 București
  ✅ [arte_martiale] Sala Kickboxing Bucuresti SHINPO | Șoseaua Iancului 128A, 021715 București
  ✅ [arte_martiale] HANGUK TAEKWONDO | Splaiul Unirii 176, 040042 București
  → 3 noi

[64/148]

🔍 [arte_martiale] "judo copii Bucuresti"
  Gasit 20 rezultate
  ⏩ Skip (irelevant): Absoluto Veranda
  ✅ [arte_martiale] Club ASPOL JUDO - baza sportiva olimpica sala de gimnastică Nicolae Vieru | ASPOL JUDO, Blv. Basarabia nr. 35-39 Sala Olimpica, 022103 București
  ⏩ Skip (irelevant): eXtrembody MMA
  ✅ [arte_martiale] Kybu Judo Bucuresti | Str. Maior Ion Coravu 34, 021971 București
  ✅ [arte_martiale] CLUBUL DE ARTE MARŢIALE C.S. BUDO - SEISHIN | Strada Popa Nicolae, București
  ✅ [arte_martiale] Sala Olimpica de Judo | Bulevardul Basarabia 37-39, 077085 București
  ✅ [arte_martiale] Clubul Sportiv Aikibudo | 34, Str. Coravu Ion, nr, 021974 București
  → 5 noi

[65/148]

🔍 [arte_martiale] "arte martiale copii Bucuresti"
  Gasit 20 rezultate
  ⏩ Skip (irelevant): Absoluto Fighting Center
  ⏩ Skip (irelevant): eXtrembody MMA
  ⏩ Skip (irelevant): Kami-Do
  ✅ [arte_martiale] Scoala Bukan de Krav Maga - dojo Delfinului | Bulevardul Chișinău 1, 022141 București
  → 1 noi

[66/148]

🔍 [arte_martiale] "kung fu copii Bucuresti"
  Gasit 19 rezultate
  ⏩ Skip (irelevant): Absoluto Veranda
  ⏩ Skip (irelevant): Youpiii HOUSE
  ✅ [arte_martiale] Jad Wushu Kung-Fu | Bulevardul Basarabia 37-39, 022114 București
  ⏩ Skip (in afara Bucurestiului): Clubul Sportiv WuDao
  ✅ [arte_martiale] Școala de arte marțiale Wushu Kinetics | Parcul Izvor, Strada Bogdan Petriceicu Hasdeu, 030167
  ⏩ Skip (in afara Bucurestiului): WDKF Wudang Kung Fu București
  ✅ [arte_martiale] WDKF Wudang Kung Fu București | Str. Economu Cezărescu 59, București
  ⏩ Skip (in afara Bucurestiului): Cursuri De Kung Fu
  ⏩ Skip (in afara Bucurestiului): Loc de Joaca Kids Party Kungfu Pizza
  ⏩ Skip (in afara Bucurestiului): Academia Artasia
  ⏩ Skip (in afara Bucurestiului): Wu Tao Kung Fu . Ro
  ⏩ Skip (in afara Bucurestiului): Wu Tao Kung Fu
  ⏩ Skip (irelevant): Qwan Ki Do / Terapia 3C - PHỤNG HOÀNG Bucuresti
  ⏩ Skip (in afara Bucurestiului): SalaDuplex.ro inchiriere Dans & Sport
  ⏩ Skip (irelevant): Warrior Gym
  ⏩ Skip (in afara Bucurestiului): Aiki Concept - aikido club
  → 3 noi

[67/148]

🔍 [arte_martiale] "karate club copii sector 1 Bucuresti"
  Gasit 20 rezultate
  ⏩ Skip (in afara Bucurestiului): Academia Aiki Seishin Ryu - București
  ✅ [arte_martiale] Academia Aiki Seishin Ryu - București | Aleea Solca 3, 052034 București
  ⏩ Skip (irelevant): Kami-Do
  ⏩ Skip (irelevant): eXtrembody MMA
  ⏩ Skip (irelevant): AIKO București
  → 1 noi

[68/148]

🔍 [arte_martiale] "karate club copii sector 2 Bucuresti"
  Gasit 12 rezultate
  ⏩ Skip (irelevant): Kami-Do
  → 0 noi

[69/148]

🔍 [arte_martiale] "karate club copii sector 3 Bucuresti"
  Gasit 20 rezultate
  ⏩ Skip (irelevant): Absoluto Veranda
  ⏩ Skip (in afara Bucurestiului): Clubul Copiilor Sector 3
  → 0 noi

[70/148]

🔍 [arte_martiale] "karate club copii sector 4 Bucuresti"
  Gasit 20 rezultate
  ⏩ Skip (in afara Bucurestiului): KAMAE Karate Club
  ✅ [arte_martiale] Clubul Copiilor Sector 4 | Strada Făgetului 12, București
  ⏩ Skip (in afara Bucurestiului): Koryo Karate Club - Shito Ryu
  ✅ [arte_martiale] Koryo Karate Club - Shito Ryu | Strada Tăbăcarilor 2, 040298 București
  ⏩ Skip (in afara Bucurestiului): KAMAE Karate Club
  ⏩ Skip (irelevant): Kami-Do
  ⏩ Skip (in afara Bucurestiului): Clubul Sportiv Holly Do
  ⏩ Skip (in afara Bucurestiului): Clubul Akira
  ⏩ Skip (in afara Bucurestiului): Sala Triplex Dans si Arte Martiale
  ⏩ Skip (irelevant): RB NOBORIRYU DOJO
  → 2 noi

[71/148]

🔍 [arte_martiale] "karate club copii sector 5 Bucuresti"
  Gasit 20 rezultate
  ⏩ Skip (irelevant): Absoluto Veranda
  ⏩ Skip (in afara Bucurestiului): CLUBUL SPORTIV JISSEN DO
  → 0 noi

[72/148]

🔍 [arte_martiale] "karate club copii sector 6 Bucuresti"
  Gasit 20 rezultate
  ⏩ Skip (irelevant): Absoluto Fighting Center
  ✅ [arte_martiale] Clubul Sportiv WuDao | Scoala generala, Strada Dealul Țugulea nr. 35, nr. 156, 060864 București
  ⏩ Skip (irelevant): Kami-Do
  → 1 noi

[73/148]

🔍 [gimnastica] "scoala gimnastica copii Aviatiei Bucuresti"
  Gasit 20 rezultate
  ⏩ Skip (irelevant): INSPIRE WELLNESS
  ✅ [gimnastica] Academia de Gimnastica Laura Cristache | Strada Sergent Șerbănică Vasile 1, București
  ⏩ Skip (irelevant): DANDRI
  ✅ [gimnastica] Scoala de Circ Funny Circus | Șoseaua Iancului 46, 021726 București
  → 2 noi

[74/148]

🔍 [gimnastica] "scoala gimnastica copii Drumul Taberei Bucuresti"
  Gasit 20 rezultate
  ⏩ Skip (irelevant): DiA D Academy
  ✅ [gimnastica] Centrul K'Sport Zambetul Trupului | Strada Valea Cascadelor 21, 061512 București
  ⏩ Skip (irelevant): SAS GYM Drumul Taberei
  → 1 noi

[75/148]

🔍 [gimnastica] "scoala gimnastica copii Militari Bucuresti"
  Gasit 3 rezultate
  ✅ [gimnastica] Academia Marian Dragulescu | Calea Vitan 238, 031303 București
  → 1 noi

[76/148]

🔍 [gimnastica] "scoala gimnastica copii Floreasca Bucuresti"
  Gasit 17 rezultate
  ✅ [gimnastica] Gimnastica Ritmica Pro Aktiv | Șoseaua Panduri nr. 35, bl.P1B, sc.B, et.6, 050655 București
  → 1 noi

[77/148]

🔍 [gimnastica] "gimnastica ritmica copii Bucuresti"
  Gasit 20 rezultate
  ⏩ Skip (irelevant): Arta Jucăușă
  ✅ [gimnastica] Acrobatika | Strada Progresului, 050696 București
  → 1 noi

[78/148]

🔍 [gimnastica] "gimnastica artistica copii Bucuresti"
  Gasit 20 rezultate
  ✅ [gimnastica] Pilates - Movement Studio | Strada Constantin Aricescu 12, 011687 București
  → 1 noi

[79/148]

🔍 [gimnastica] "acrobatie copii Bucuresti"
  Gasit 20 rezultate
  ⏩ Skip (irelevant): Bucharest City Tales
  ⏩ Skip (irelevant): Youpiii HOUSE
  ⏩ Skip (in afara Bucurestiului): BeAcademy Studio
  ⏩ Skip (irelevant): Alemar Capoeira
  ⏩ Skip (in afara Bucurestiului): GOKID - Ghid de Activități, Cursuri și Evenimente pentru Copii
  → 0 noi

[80/148]

🔍 [gimnastica] "scoala gimnastica copii sector 1 Bucuresti"
  Gasit 20 rezultate
  ⏩ Skip (irelevant): MiniMe
  ⏩ Skip (irelevant): DANDRI
  ✅ [gimnastica] Scoala DE Gimnastica "Daciana Enache" - Bucurestii Noi | Strada Telega 6, 012411 București
  → 1 noi

[81/148]

🔍 [gimnastica] "scoala gimnastica copii sector 2 Bucuresti"
  Gasit 20 rezultate
  ⏩ Skip (irelevant): AnaDance Veranda
  ⏩ Skip (irelevant): Aqua Gym & Aqua Fitness
  → 0 noi

[82/148]

🔍 [gimnastica] "scoala gimnastica copii sector 3 Bucuresti"
  Gasit 20 rezultate
  ✅ [gimnastica] Clubul Sportiv Kyodai | Strada Turturelelor 13, 030167 București
  → 1 noi

[83/148]

🔍 [gimnastica] "scoala gimnastica copii sector 4 Bucuresti"
  Gasit 20 rezultate
  ✅ [gimnastica] BeAcademy Studio | Strada Sălcetului 3, 041373 București
  ⏩ Skip (irelevant): Apollo Arts
  ✅ [gimnastica] Club Sportiv RITMICA - club de gimnastică pentru copii | Strada Moldoveni, 040962 București
  ✅ [gimnastica] Jolie Sport Club Bucuresti | Romania, Bucuresti, Șoseaua Berceni Nr.8, 041902 București
  → 3 noi

[84/148]

🔍 [gimnastica] "scoala gimnastica copii sector 5 Bucuresti"
  Gasit 11 rezultate
  ✅ [gimnastica] Club Sportiv ACS Double D | Șoseaua Panduri 71, 061344 București
  ✅ [gimnastica] Art Kids Club | Str. Sebastian Mihail, 1-3, Bucuresti-Sector 5, Bucuresti, 50784, 052034 București
  ⏩ Skip (irelevant): Fitness Academy Rahova
  → 2 noi

[85/148]

🔍 [gimnastica] "scoala gimnastica copii sector 6 Bucuresti"
  Gasit 20 rezultate
  ✅ [gimnastica] AS Gymnastics - Sala de Gimnastica | Strada Serg. Alexandru Cutieru 25A, 061422 București
  ⏩ Skip (irelevant): DE.NI Art Gymnastics
  ✅ [gimnastica] kid total sport | Strada Lucăcești 19A, 700000 București
  ⏩ Skip (irelevant): Gym Land
  ⏩ Skip (irelevant): DiA D Academy
  → 2 noi

[86/148]

🔍 [limbi_straine] "cursuri engleza copii Aviatiei Bucuresti"
  Gasit 20 rezultate
  ⏩ Skip (irelevant): International House Bucharest Sediul Nr. 2
  ⏩ Skip (in afara Bucurestiului): Cursuri Engleza - Flying Colours Cool English School
  ✅ [limbi_straine] Cursuri Engleza Bucuresti | Str. Lt. Sachelarie Visarion 55, 021577 București
  ⏩ Skip (in afara Bucurestiului): English Kids Academy - Cursuri Engleza Copii si Adolescenti ﻿- București, Mihalache
  ✅ [limbi_straine] Language Tower - cursuri de engleza Aviatiei | Intrarea Catedrei 27, 014162 București
  ⏩ Skip (in afara Bucurestiului): Native English School
  ⏩ Skip (irelevant): BritAcademy- Gradinita si afterschool
  ⏩ Skip (in afara Bucurestiului): Centrul de limbi străine SPRINGFIELD - Sector 2
  ⏩ Skip (irelevant): Britanica Learning Centre - Baba Novac
  ⏩ Skip (irelevant): Logiscool Aviației
  ⏩ Skip (in afara Bucurestiului): Shakespeare School Victoriei - Cursuri engleza
  ⏩ Skip (irelevant): SAGA Kid
  ⏩ Skip (in afara Bucurestiului): English Kids Academy - Cursuri Engleza Copii si Adolescenti ﻿- București, Tineretului
  ⏩ Skip (in afara Bucurestiului): British House
  ⏩ Skip (in afara Bucurestiului): Berlitz Romania, Centru de limbi străine
  ⏩ Skip (in afara Bucurestiului): Cambridge School of English
  ⏩ Skip (in afara Bucurestiului): City Kids
  → 2 noi

[87/148]

🔍 [limbi_straine] "cursuri engleza copii Floreasca Bucuresti"
  Gasit 20 rezultate
  ✅ [limbi_straine] British Council | Calea Dorobanți 14, 010572 București
  ⏩ Skip (irelevant): International House
  ✅ [limbi_straine] Berlitz Romania, Centru de limbi străine | Calea Floreasca 240b, 014475 București
  ✅ [limbi_straine] Mayflower Centre - Cursuri engleza cu profesori nativi | Strada Maior Laurențiu Claudian 7, 021876 București
  ⏩ Skip (irelevant): Umlaut Training si Audit Lingvistic
  ✅ [limbi_straine] SOS Satele Copiilor | Calea Floreasca 165, 014459 București
  ✅ [limbi_straine] Centrul de limbi străine SPRINGFIELD - Sector 2 | Strada Sfânta Ana 7, 023773 București
  ✅ [limbi_straine] English Kids Academy - Cursuri Engleza Copii si Adolescenti ﻿- București, Mihalache | Strada Postelnicului 12, etajul 2, 011375 București
  ⏩ Skip (irelevant): Global Learning
  ⏩ Skip (irelevant): FollowMe Titan
  ⏩ Skip (irelevant): Pro Erudio
  ✅ [limbi_straine] British House | Strada Becaței 25, 077160 București
  ⏩ Skip (irelevant): FollowMe Vitan
  ✅ [limbi_straine] Grădinița Before After School Happy Kids | Str. Școala Floreasca 3, nr, 011641 București
  ✅ [limbi_straine] Cambridge School of English | Strada Grigore Alexandrescu 37, 010164 București
  → 9 noi

[88/148]

🔍 [limbi_straine] "cursuri engleza copii Drumul Taberei Bucuresti"
  Gasit 8 rezultate
  ✅ [limbi_straine] Academia de Engleză pentru Copii | Bulevardul Timișoara 42G, 061332 București
  ⏩ Skip (irelevant): Mathnasium Militari
  ✅ [limbi_straine] Shakespeare School Drumul Taberei - Cursuri Engleza | Strada Valea Oltului 31, 061971 București
  ✅ [limbi_straine] Hello Class - Cursuri Engleza Copii | Bulevardul Ghencea 43B, 061692 București
  ⏩ Skip (irelevant): Delta Pro Future
  → 3 noi

[89/148]

🔍 [limbi_straine] "cursuri engleza copii Militari Bucuresti"
  Gasit 5 rezultate
  ✅ [limbi_straine] London School - Cursuri Engleza Copii - Bucuresti | Bulevardul Uverturii 49, 060932 București
  ⏩ Skip (irelevant): Follow Me
  → 1 noi

[90/148]

🔍 [limbi_straine] "cursuri engleza copii Titan Bucuresti"
  Gasit 15 rezultate
  ⏩ Skip (irelevant): FollowMe Titan
  ✅ [limbi_straine] The Language Studio - Titan | Strada Soldat Niculae T. Sebe 1 A, 3, 030405 București
  ⏩ Skip (irelevant): FollowMe Vitan
  ✅ [limbi_straine] Scoala de Limbi Straine M&DORADO | Bucuresti
  ⏩ Skip (irelevant): Britanica Learning Centre - Baba Novac
  ✅ [limbi_straine] Lexis Scoli de Limbi Straine | Strada Gheorghe Petrașcu 21, 031598 București
  ⏩ Skip (irelevant): Big Ben School
  → 3 noi

[91/148]

🔍 [limbi_straine] "cursuri engleza copii Colentina Bucuresti"
  Gasit 18 rezultate
  ✅ [limbi_straine] Didactika, centrul tau de meditatii | etaj 1 si 2, Bulevardul Ferdinand I 146, 021397 București
  ⏩ Skip (irelevant): Averroes Learning Centre
  ⏩ Skip (irelevant): Accesis Online
  ✅ [limbi_straine] SmartyKids Tei Colentina | Strada Oteșani, 12 Bl, 023567 București
  ⏩ Skip (irelevant): ICHB Colentina
  ✅ [limbi_straine] Gradinita si Scoala Spectrum Colentina | Șoseaua Colentina 64B, 021187 București
  → 3 noi

[92/148]

🔍 [limbi_straine] "scoala engleza copii Bucuresti"
  Gasit 20 rezultate
  ⏩ Skip (irelevant): CELTA Training Romania
  ⏩ Skip (irelevant): International House
  ⏩ Skip (irelevant): Big Ben School
  ⏩ Skip (in afara Bucurestiului): Bright Kids
  → 0 noi

[93/148]

🔍 [limbi_straine] "centru limbi straine copii Bucuresti"
❌ Eroare: page.goto: Timeout 30000ms exceeded.
Call log:
[2m  - navigating to "https://www.google.com/maps/se

[94/148]

🔍 [limbi_straine] "cursuri germana copii Bucuresti"
  Gasit 20 rezultate
  ✅ [limbi_straine] KinderZentrum Cursuri germana copii si adulti Bucuresti | Strada Aurel Vlaicu 67, 030167 București
  ✅ [limbi_straine] limbagermana.ro | Bloc B2, Strada Pădurea Craiului, 032719 București
  ✅ [limbi_straine] German Kulturhaus cursuri limba germana | Strada Halelor 5, 030118 București
  ⏩ Skip (irelevant): Cursuri ONLINE! Kinder KulturHaus
  ✅ [limbi_straine] Cursuri Germana Bucuresti. Metoda Rapida Adulti si Copii | Bloc 7B, Bulevardul Unirii nr 10, 040105 București
  → 4 noi

[95/148]

🔍 [limbi_straine] "cursuri franceza copii Bucuresti"
  Gasit 1 rezultate
  ⏩ Skip (irelevant): Cinema "Elvire Popesco"
  → 0 noi

[96/148]

🔍 [limbi_straine] "British Council copii Bucuresti"
  Gasit 4 rezultate
  → 0 noi

[97/148]

🔍 [limbi_straine] "cursuri engleza copii sector 1 Bucuresti"
  Gasit 8 rezultate
  → 0 noi

[98/148]

🔍 [limbi_straine] "cursuri engleza copii sector 2 Bucuresti"
  Gasit 20 rezultate
  ⏩ Skip (irelevant): International House
  ⏩ Skip (irelevant): Big Ben School
  ✅ [limbi_straine] Lexigo Language Boutique | Strada Eufrosin Potecă 28, 021763 București
  → 1 noi

[99/148]

🔍 [limbi_straine] "cursuri engleza copii sector 3 Bucuresti"
  Gasit 17 rezultate
  ⏩ Skip (irelevant): International House
  ✅ [limbi_straine] Centrul de Meditatii Capri | nr. bloc 106A, ap 28, Strada Cluceru Udricani 1-3, București
  ⏩ Skip (irelevant): Britanica Learning Centre - Baba Novac
  ✅ [limbi_straine] English Kids Club | Strada Breaza 78, 031475 București
  ⏩ Skip (irelevant): ILSE Bucharest
  ⏩ Skip (irelevant): Global Learning
  → 2 noi

[100/148]

🔍 [limbi_straine] "cursuri engleza copii sector 4 Bucuresti"
  Gasit 7 rezultate
  ⏩ Skip (irelevant): International House
  ✅ [limbi_straine] Bright Kids | Cursuri online, Strada Frigului 18, 040584
  ⏩ Skip (irelevant): Delfos Academy
  ⏩ Skip (irelevant): Smart Terra – After School Sector 4
  → 1 noi

[101/148]

🔍 [limbi_straine] "cursuri engleza copii sector 5 Bucuresti"
  Gasit 11 rezultate
  ⏩ Skip (irelevant): Pro Erudio
  ⏩ Skip (irelevant): EdVenture School
  ⏩ Skip (irelevant): Britanica Learning Centre - Sebastian
  ⏩ Skip (irelevant): Meditatii Matematica Online | Maloca Hub
  → 0 noi

[102/148]

🔍 [limbi_straine] "cursuri engleza copii sector 6 Bucuresti"
  Gasit 12 rezultate
  ⏩ Skip (irelevant): Follow Me
  ⏩ Skip (irelevant): Britanica Learning Centre - Gorjului
  ✅ [limbi_straine] FollowMe Ghencea - Cursuri de limba engleză | Bulevardul Ghencea 43B, ET. 4, 061696 București
  → 1 noi

[103/148]

🔍 [robotica] "robotica copii Aviatiei Bucuresti"
  Gasit 20 rezultate
  ⏩ Skip (irelevant): IT Step Academy
  ⏩ Skip (irelevant): LIFE is Cool AVIATIEI - EduHub & Afterschool
  ⏩ Skip (irelevant): Logiscool Aviației
  ✅ [robotica] Academia de Robotică Băneasa | Strada Constantin Dobrogeanu Gherea 8, 077190 București
  ⏩ Skip (irelevant): LIFE is Cool AVIATIEI - EduHub & Afterschool
  ✅ [robotica] Centrul de cursuri pentru copii "EduCat" - MICUL ELECTRONIST, ROBOTICA, PROGRAMARE | Strada Căminului 12, 021742 București
  ⏩ Skip (irelevant): Logiscool Aviației
  ✅ [robotica] ITLevel - Cursuri de programare, robotică, IT și matematică | Șoseaua Mihai Bravu 62A, corp B, etaj mezanin, 021328 București
  → 3 noi

[104/148]

🔍 [robotica] "robotica copii Floreasca Bucuresti"
  Gasit 20 rezultate
  ✅ [robotica] NOMIN JYUKU ICOANEI - Centru de SOROBAN si aritmetica mentala japoneza pentru copii | Strada Icoanei 75, 020458 București
  ✅ [robotica] Coding Hub Floreasca | Strada Banul Antonache 40-44, etaj 1, 011663 București
  ✅ [robotica] Robotics School | Aleea Barajul Cucuteni 2, 030494 București
  ✅ [robotica] ROBBO CLUB Iancului | Strada Fluierului 36, 030167 București
  ✅ [robotica] IT Junior - Cursuri IT, programare & AI pentru copii | Strada Piața Amzei 7- 15, 010361 București
  → 5 noi

[105/148]

🔍 [robotica] "robotica copii Drumul Taberei Bucuresti"
  Gasit 20 rezultate
  ⏩ Skip (irelevant): IT Step Academy
  ⏩ Skip (irelevant): Logiscool Drumul Taberei
  ⏩ Skip (in afara Bucurestiului): Robotescu
  ⏩ Skip (irelevant): Logiscool Pantelimon
  ⏩ Skip (irelevant): Logiscool Muncii
  → 0 noi

[106/148]

🔍 [robotica] "robotica copii Militari Bucuresti"
  Gasit 4 rezultate
  ⏩ Skip (irelevant): Mathnasium Militari
  ⏩ Skip (irelevant): Success Academy Romania
  → 0 noi

[107/148]

🔍 [robotica] "robotica copii Titan Bucuresti"
  Gasit 6 rezultate
  ⏩ Skip (irelevant): IT Step Academy
  ⏩ Skip (irelevant): Arta Jucăușă
  ⏩ Skip (irelevant): LIFE is Cool TITAN - EduHub & Afterschool
  ✅ [robotica] Logiscool Titan - Scoala de Educatie Digitala, AI si Programare pentru copii si adolescenti(Sector 3) | Aleea Eprubetei nr. 5, parter, 032116 București
  → 1 noi

[108/148]

🔍 [robotica] "programare copii Bucuresti"
  Gasit 20 rezultate
  ⏩ Skip (irelevant): IT Step Academy
  ✅ [robotica] Academia Programatorilor | Strada Mihai Eminescu 19-21, Room 704, 030167 București
  ⏩ Skip (irelevant): Bestcor Training Center - Cursuri Formare Profesionala Acreditate Bucuresti
  → 1 noi

[109/148]

🔍 [robotica] "coding copii Bucuresti"
  Gasit 20 rezultate
  ⏩ Skip (irelevant): Success Academy Romania
  ⏩ Skip (irelevant): Code School
  ⏩ Skip (irelevant): Small Academy
  ✅ [robotica] Logiscool Romană - Școala de Educație Digitală, AI și Programare pentru copii și adolescenți | Strada Polonă nr. 43, Etaj 3, Ap. 3, 010493 București
  → 1 noi

[110/148]

🔍 [robotica] "robotica lego copii Bucuresti"
  Gasit 14 rezultate
  ⏩ Skip (irelevant): IT Step Academy
  ⏩ Skip (irelevant): EduBricks
  ⏩ Skip (in afara Bucurestiului): Robotescu
  → 0 noi

[111/148]

🔍 [robotica] "scoala programare copii Bucuresti"
  Gasit 20 rezultate
  ⏩ Skip (irelevant): IT Step Academy
  ⏩ Skip (irelevant): Coders Lab
  ⏩ Skip (irelevant): Logiscool Pantelimon
  ⏩ Skip (irelevant): Logiscool Muncii
  ⏩ Skip (irelevant): Bestcor Training Center - Cursuri Formare Profesionala Acreditate Bucuresti
  ✅ [robotica] Academia Micilor Developeri | Bulevardul Decebal 12, 030967 București
  → 1 noi

[112/148]

🔍 [robotica] "robotica copii sector 1 Bucuresti"
  Gasit 16 rezultate
  ⏩ Skip (irelevant): Digital Economy Development
  ⏩ Skip (irelevant): IT Step Academy
  ⏩ Skip (irelevant): Small Academy
  ✅ [robotica] RoboLab - cursuri prietenoase de programare si robotica pentru copii | Strada Mitropolit Varlaam 127, 012906 București
  ⏩ Skip (irelevant): Logiscool Pantelimon
  → 1 noi

[113/148]

🔍 [robotica] "robotica copii sector 2 Bucuresti"
  Gasit 8 rezultate
  ⏩ Skip (irelevant): Coders Lab
  ⏩ Skip (irelevant): Logiscool Muncii
  → 0 noi

[114/148]

🔍 [robotica] "robotica copii sector 3 Bucuresti"
  Gasit 5 rezultate
  ⏩ Skip (irelevant): IT Step Academy
  ⏩ Skip (irelevant): Youpiii HOUSE
  → 0 noi

[115/148]

🔍 [robotica] "robotica copii sector 4 Bucuresti"
  Gasit 4 rezultate
  ⏩ Skip (irelevant): IT Step Academy
  ⏩ Skip (irelevant): Success Academy Romania
  ✅ [robotica] Logiscool Brâncoveanu - Scoala Internationala de educatie digitala, AI si programare | Strada Grâului nr. 39, 041273 București
  → 1 noi

[116/148]

🔍 [robotica] "robotica copii sector 5 Bucuresti"
  Gasit 20 rezultate
  ⏩ Skip (irelevant): IT Step Academy
  ⏩ Skip (irelevant): Digital Economy Development
  ⏩ Skip (irelevant): Passion Academy
  ⏩ Skip (irelevant): Young Engineers
  ⏩ Skip (irelevant): Small Academy
  ⏩ Skip (irelevant): Nerdvana
  ⏩ Skip (irelevant): Logiscool Muncii
  ⏩ Skip (irelevant): Bestcor Training Center - Cursuri Formare Profesionala Acreditate Bucuresti
  ⏩ Skip (irelevant): EduBricks
  → 0 noi

[117/148]

🔍 [robotica] "robotica copii sector 6 Bucuresti"
  Gasit 9 rezultate
  ⏩ Skip (irelevant): IT Step Academy
  ⏩ Skip (irelevant): Coders Lab
  ⏩ Skip (irelevant): Small Academy
  ⏩ Skip (in afara Bucurestiului): Robotescu
  → 0 noi

[118/148]

🔍 [muzica] "scoala muzica copii Aviatiei Bucuresti"
  Gasit 0 rezultate
  → 0 noi

[119/148]

🔍 [muzica] "scoala muzica copii Floreasca Bucuresti"
  Gasit 20 rezultate
  ✅ [muzica] Școala de muzică Profa de Pian | Șoseaua Mihai Bravu 223, 030301 București
  ⏩ Skip (irelevant): Atelierul de arte Berceni
  ✅ [muzica] Sufrageria de artă - Cursuri de desen și pictură pentru copii și adulți | Șoseaua Pantelimon 225 Bl. 66, sc. 3, parter, 021601 București
  ⏩ Skip (irelevant): Lectii de tobe
  ✅ [muzica] Clubul de Muzica | Strada Popa Stoica Farcaș 88, București
  ✅ [muzica] Profesor, Cursuri Chitara Sector 2. Lectii Chitara Copii Sector 2,Bucuresti. Cursuri Canto | bl 5, Șoseaua Colentina nr 8, scara 4, ap 147, 021174 București
  → 4 noi

[120/148]

🔍 [muzica] "scoala muzica copii Drumul Taberei Bucuresti"
  Gasit 7 rezultate
  ✅ [muzica] Scoala de pian,chitara si vioara Fortissimo | Bulevardul Ghencea 79, et.2 cam.8, 061702 București
  ✅ [muzica] Cursuri de canto - Celestial Concept: Music, Events & More | in incinta Beat Bar Umanist, Calea Plevnei 137A, 060011 București
  → 2 noi

[121/148]

🔍 [muzica] "scoala muzica copii Militari Bucuresti"
  Gasit 13 rezultate
  ✅ [muzica] MusicWorkshop | Bulevardul Iuliu Maniu 13, București
  ✅ [muzica] Academia Cantus Musica | Bucuresti
  → 2 noi

[122/148]

🔍 [muzica] "scoala muzica copii Titan Bucuresti"
  Gasit 20 rezultate
  ⏩ Skip (irelevant): Atelierul de arte Berceni
  ✅ [muzica] Școala Gimnazială de Arte nr. 5 | Strada Gheorghe Petrașcu 49, București
  ✅ [muzica] Scoala Armonia - Muncii-Decebal | Strada Trifoi 5, 030698 București
  ⏩ Skip (irelevant): Armonia Academy Mihai Bravu
  → 2 noi

[123/148]

🔍 [muzica] "lectii pian copii Bucuresti"
  Gasit 20 rezultate
  ✅ [muzica] Cursuri pian | Intrarea Ion Ciopleanu 8, 032017 București
  → 1 noi

[124/148]

🔍 [muzica] "lectii chitara copii Bucuresti"
  Gasit 20 rezultate
  ⏩ Skip (irelevant): Atelierul de arte Berceni
  ✅ [muzica] Lectii Chitara Bucuresti | Str. Matei Voievod 114, 021453 București
  → 1 noi

[125/148]

🔍 [muzica] "lectii vioara copii Bucuresti"
  Gasit 20 rezultate
  ✅ [muzica] Cursuri de vioara | Strada Eforie 10, 030167 București
  ✅ [muzica] Fine Arts, Music and Japanese Studio | Intrarea Aniversării 41, 031463 București
  → 2 noi

[126/148]

🔍 [muzica] "scoala muzica copii sector 1 Bucuresti"
  Gasit 20 rezultate
  ⏩ Skip (irelevant): Armonia Academy Gara de Nord
  ✅ [muzica] Scoala MusicNotes | Calea Victoriei 48-50, scara b, et 1, 010023 București
  → 1 noi

[127/148]

🔍 [muzica] "scoala muzica copii sector 2 Bucuresti"
  Gasit 20 rezultate
  ✅ [muzica] Studioul de Teatru Midacris | Bulevardul Pache Protopopescu, 021409 București
  ✅ [muzica] Academia de Muzica si Teatru ElizART | Strada Badea Cârțan 45, 020662 București
  ✅ [muzica] Art Music | Intrarea Ion Luca Caragiale 1, 020047 București
  → 3 noi

[128/148]

🔍 [muzica] "scoala muzica copii sector 3 Bucuresti"
  Gasit 20 rezultate
  ⏩ Skip (irelevant): Mozarteum School Dristor
  ✅ [muzica] MusicTechSchool | Str. Popa Nan 169, 030582 București
  → 1 noi

[129/148]

🔍 [muzica] "scoala muzica copii sector 4 Bucuresti"
  Gasit 20 rezultate
  ⏩ Skip (irelevant): Atelierul de arte Berceni
  ✅ [muzica] ȘCOALA DE ARTE ZIZI - Cursuri copii de Dans Canto Chitara Vioara Balet Breakdance Arte Plastice Teatru - Bucuresti - Sector 4 | Drumul Crețeștilor 31-33, 042183 București
  ⏩ Skip (irelevant): Bravissimo Art School
  ⏩ Skip (irelevant): Apollo Arts
  ✅ [muzica] Scoala de Arta Bucuresti | Strada Cuza Vodă 100, București
  ✅ [muzica] Prestissimo Music | Strada Fruntaș Dumitru Dumitru 22B, 042095 București
  ✅ [muzica] Școala de de Arte "Amalia Dascălu" | Strada Elena Cuza 8, 040372 București
  → 4 noi

[130/148]

🔍 [muzica] "scoala muzica copii sector 5 Bucuresti"
  Gasit 0 rezultate
  → 0 noi

[131/148]

🔍 [muzica] "scoala muzica copii sector 6 Bucuresti"
  Gasit 19 rezultate
  ⏩ Skip (irelevant): Atelierul de arte Berceni
  ✅ [muzica] Band Music School - Ghencea | Prelungirea Ghencea 122, etaj 2, 061715 București
  ✅ [muzica] Lectii de chitara | Drumul Sării 39, 060152 București
  ✅ [muzica] Centrul de Instruire pentru Muzici Militare | Bd. Maniu Iuliu, 13, Bucuresti-Sector 6, Bucuresti, 61075, 061344 București
  ✅ [muzica] Scoala de Arte "Janina Badici" | Drumul Taberei 35, 061357 București
  ⏩ Skip (irelevant): DiA D Academy
  → 4 noi

[132/148]

🔍 [muzica] "conservator particular copii Bucuresti"
  Gasit 0 rezultate
  → 0 noi

[133/148]

🔍 [arte_creative] "atelier pictura copii Aviatiei Bucuresti"
  Gasit 14 rezultate
  ✅ [arte_creative] Art & Hobby Studio | Strada Occidentului 33, 010982 București
  ✅ [arte_creative] Arta Jucăușă | Strada Brăilița Nr. 22, Etaj 1, 031457 București
  ✅ [arte_creative] Moon Art Studio | Ateliere de desen și pictură | Strada Matei Basarab 106, 030167 București
  ✅ [arte_creative] CUBUL - Academia de arte | Bucuresti, Sector 2, Iancului 21, Parter, Bloc 106A, Scara B, Apartament 46, 021715 București
  ✅ [arte_creative] Cursuri de pictura -fundația Thotart | Bd. Mihalache Ion, 160B, Bucuresti-Sector 1, Bucuresti, 011212, 012244 București
  ✅ [arte_creative] VHart, studio de desen si pictura | Stradă Drumul Bisericii 8, 077190 Voluntari
  ⏩ Skip (irelevant): Turquoise Art
  ✅ [arte_creative] Scoala de Pictura si Desen - Marina Bira (Locatia 2) | Bucuresti
  → 7 noi

[134/148]

🔍 [arte_creative] "atelier pictura copii Floreasca Bucuresti"
  Gasit 20 rezultate
  ⏩ Skip (irelevant): Gradinita Rita Veverita
  ⏩ Skip (irelevant): Art House
  ⏩ Skip (irelevant): Melinda.art
  ✅ [arte_creative] Atelier Jolie - pictură și artă decorativă pentru copii și adulți | Strada Mihai Eminescu 139, 020083 București
  ✅ [arte_creative] Studio Creativ | Bulevardul Ferdinand I 5A, 030167 București
  → 2 noi

[135/148]

🔍 [arte_creative] "atelier pictura copii Drumul Taberei Bucuresti"
  Gasit 8 rezultate
  ✅ [arte_creative] Evolution Kids - Meditatii romana, cursuri de pictura/desen | Bulevardul Ghencea 43B, etajul 3, 061696 București
  ✅ [arte_creative] Cromatic ART Studio | Bulevardul Uverturii 84, 060945 București
  → 2 noi

[136/148]

🔍 [arte_creative] "atelier pictura copii Militari Bucuresti"
  Gasit 20 rezultate
  ⏩ Skip (irelevant): Mathnasium Militari
  ⏩ Skip (irelevant): Success Academy Romania
  ✅ [arte_creative] Scoala Armonia Artelor | Bulevardul Timișoara, Bloc 2, scara 2, 061303 București
  → 1 noi

[137/148]

🔍 [arte_creative] "atelier pictura copii Titan Bucuresti"
  Gasit 12 rezultate
  ⏩ Skip (irelevant): Seravi Atelier
  ⏩ Skip (irelevant): ATELIER Cristian Scutaru
  ✅ [arte_creative] SincretismulArtelor | Str. Batiștei 1-3, 020931 București
  → 1 noi

[138/148]

🔍 [arte_creative] "pictura copii Colentina Bucuresti"
  Gasit 19 rezultate
  ⏩ Skip (irelevant): eTorturi
  ⏩ Skip (irelevant): Atelierul Hai Hui
  ⏩ Skip (irelevant): Art House
  ✅ [arte_creative] PRINARTE - cursuri de pictură și desen pentru copii - ateliere de creație | Strada Minervei 26, Str. Biruinței 85, 021444 Berceni
  ⏩ Skip (irelevant): Kdj Entertainment
  → 1 noi

[139/148]

🔍 [arte_creative] "atelier arta copii Bucuresti"
  Gasit 20 rezultate
  ⏩ Skip (irelevant): Gradinita Rita Veverita
  ⏩ Skip (irelevant): ATELIER Cristian Scutaru
  ⏩ Skip (irelevant): Art House
  ⏩ Skip (irelevant): Melinda.art
  ⏩ Skip (irelevant): Art Time Atelier
  ✅ [arte_creative] Silvi Art Studio | Drumul Gilaului 30 Sector 4, Incinta Fortuna Office, Etaj 3, Camera 6, 042159 București
  → 1 noi

[140/148]

🔍 [arte_creative] "cursuri desen copii Bucuresti"
  Gasit 14 rezultate
  ✅ [arte_creative] Cursuri Desen si Pictura Valeriu Mladin | Strada Lalelelor, 077190 Voluntari
  ✅ [arte_creative] Cursuri Pictură și Desen Lavinia Gherghina | Strada Ion Berindei 5, 023553 București
  → 2 noi

[141/148]

🔍 [arte_creative] "ceramica copii Bucuresti"
  Gasit 5 rezultate
  ⏩ Skip (irelevant): Art Time Atelier
  ✅ [arte_creative] Clay Play Ceramica | Strada Liveni 16, 050191 București
  ⏩ Skip (irelevant): Made by you
  ⏩ Skip (irelevant): Casa cu Rost
  → 1 noi

[142/148]

🔍 [arte_creative] "sculptura copii Bucuresti"
  Gasit 20 rezultate
  ⏩ Skip (irelevant): Casa cu Rost
  ⏩ Skip (irelevant): Art House
  ⏩ Skip (irelevant): ATELIER Cristian Scutaru
  ⏩ Skip (irelevant): Galeria Basil
  ✅ [arte_creative] Fântâna cu Copii | Unnamed Road, 030167 București
  → 1 noi

[143/148]

🔍 [arte_creative] "arte creative copii sector 1 Bucuresti"
  Gasit 20 rezultate
  ⏩ Skip (irelevant): Evertoys | Didactopia
  ⏩ Skip (irelevant): Creart
  ⏩ Skip (irelevant): Turquoise Art
  ✅ [arte_creative] Creartes Land | Strada Gala Galaction 85, 011305 București
  → 1 noi

[144/148]

🔍 [arte_creative] "arte creative copii sector 2 Bucuresti"
  Gasit 20 rezultate
  ⏩ Skip (irelevant): Gradinita Rita Veverita
  ✅ [arte_creative] Central Art Studio | Strada Popa Soare 29, 023981 București
  ✅ [arte_creative] CReativa Art | Bulevardul Burebista 2, 031108 București
  ⏩ Skip (irelevant): ASOCIATIA 4TEEN ART ASSOCIATION
  → 2 noi

[145/148]

🔍 [arte_creative] "arte creative copii sector 3 Bucuresti"
  Gasit 5 rezultate
  ⏩ Skip (irelevant): Evertoys | Didactopia
  → 0 noi

[146/148]

🔍 [arte_creative] "arte creative copii sector 4 Bucuresti"
  Gasit 20 rezultate
  ⏩ Skip (irelevant): Apollo Arts
  ✅ [arte_creative] Creativ Infinit Before, After & Art school | Cladirea INTEC, Șoseaua Olteniței 105, 041303 București
  ⏩ Skip (irelevant): Apollo Arts
  → 1 noi

[147/148]

🔍 [arte_creative] "arte creative copii sector 5 Bucuresti"
  Gasit 20 rezultate
  ✅ [arte_creative] Party Starters | la Mega Image, Strada Petre Ispirescu 86, Et 2, 051031 deasupra
  → 1 noi

[148/148]

🔍 [arte_creative] "arte creative copii sector 6 Bucuresti"
  Gasit 20 rezultate
  ⏩ Skip (irelevant): Evertoys | Didactopia
  ⏩ Skip (irelevant): Seravi Atelier
  ⏩ Skip (irelevant): After-School Art'Alegria
  ⏩ Skip (irelevant): Grădinița Art Alegria
  ⏩ Skip (irelevant): Toto Play & Party
  ⏩ Skip (irelevant): Bravissimo Art School
  ⏩ Skip (irelevant): Fundatia Art' Alegria
  ⏩ Skip (irelevant): Cursuri Actorie Arlechino
  ⏩ Skip (irelevant): Magazinul Artiștilor
  → 0 noi

════════════════════════════════════════════════════════════
TOTAL NOI GASITE: 264
════════════════════════════════════════════════════════════

Rezumat pe categorii:
  inot: 46
  fotbal: 24
  dansuri: 50
  arte_martiale: 33
  gimnastica: 16
  limbi_straine: 30
  robotica: 14
  muzica: 27
  arte_creative: 24

✅ Adaugate: 264
📦 Total cluburi in DB: 264
