📦 DB curent: 145 afterschool-uri
🔎 Total cautari planificate: 58


[1/58]

🔍 "afterschool Aviatiei Bucuresti"
  Gasit 4 rezultate
  ✅ Gradinita Rita Veverita | Intrarea Horbotei 12, 030467 București
  → 1 noi

[2/58]

🔍 "afterschool Baneasa Bucuresti"
  Gasit 13 rezultate
  ✅ Școlar AS | Bulevardul Ficusului 38, 077190 București
  ✅ Kids Club Baneasa | Strada Neagoe Vodă 58, 013964 București
  ✅ Little Leaders Academy Kindergarten - Creșa și Grădinița ta din Băneasa | Strada Constantin Dobrogeanu Gherea 78, 013766 București
  → 3 noi

[3/58]

🔍 "afterschool Dorobanti Bucuresti"
  Gasit 14 rezultate
  ✅ Junior Genius Club | Str. Școala Floreasca 3A, 001643 București
  ✅ Steaua Nordului | Strada Andrei Mureșanu 27, 011844 București
  ✅ Elite Akademie | Strada Grigore Alexandrescu 102, 010627 București
  ✅ Feli's Kids - Gradinita, After School | Intrarea Lt. Av. Marcel Andreescu, București
  ✅ SmartyKids Dorobanti Floreasca - aritmetică mentală | Calea Dorobanți 168, Bloc 15, 010581 București
  → 5 noi

[4/58]

🔍 "afterschool Herastrau Bucuresti"
  Gasit 20 rezultate
  ✅ Kogaion Gifted Academy | Șoseaua Nordului 94F, nr, 014104 București
  ✅ GoKidsGo Academy | Strada Clucerului, Piata 1 Mai 21, 011362 București
  ✅ KIDS' HUB | Bulevardul Ghica Tei 25, 023701 București
  → 3 noi

[5/58]

🔍 "afterschool Primaverii Bucuresti"
  Gasit 20 rezultate
  → 0 noi

[6/58]

🔍 "afterschool Victoriei Bucuresti"
  Gasit 20 rezultate
  ✅ KIDS POWER PREMIUM SCHOOL | Strada Căpitan Gheorghe Preoțescu 6, 040174 București
  ✅ Gradinita - After School Aristokids | Strada Lebedei 25, București
  ✅ Genius Academy Creșă - Grădiniță - After School | Calea Șerban Vodă 145, 040205 București
  → 3 noi

[7/58]

🔍 "afterschool Domenii Bucuresti"
  Gasit 19 rezultate
  ✅ Piața Domenii | Bulevardul Ion Mihalache 128C, București
  → 1 noi

[8/58]

🔍 "afterschool Pajura Bucuresti"
  Gasit 20 rezultate
  → 0 noi

[9/58]

🔍 "afterschool Grivita Bucuresti"
  Gasit 20 rezultate
  ✅ Academia Strumfilor | Gradinita si Cresa Privata | Sector 1 | Strada General Athanasie Enescu 35, 012244 București
  ✅ Mini Stars Learning Center | Strada Berzei 16A, 010256 București
  → 2 noi

[10/58]

🔍 "afterschool Bucurestii Noi Bucuresti"
  Gasit 16 rezultate
  → 0 noi

[11/58]

🔍 "afterschool Floreasca Bucuresti"
  Gasit 10 rezultate
  → 0 noi

[12/58]

🔍 "afterschool Colentina Bucuresti"
  Gasit 4 rezultate
  → 0 noi

[13/58]

🔍 "afterschool Pantelimon sector 2 Bucuresti"
  Gasit 6 rezultate
  → 0 noi

[14/58]

🔍 "afterschool Iancului Bucuresti"
  Gasit 12 rezultate
  ✅ SmartyKids Iancului Obor | Șoseaua Iancului 29 Bl, 105 B ,Sc C,Ap 106, 021716 București
  ✅ Happy Bell - After school Iancului. Before school Iancului. | Strada Mecet 53, 024084 București
  ✅ Montessima Educational | Strada Locotenent Constantin Zlătescu 12, 2, 021506 București
  → 3 noi

[15/58]

🔍 "afterschool Stefan cel Mare Bucuresti"
  Gasit 20 rezultate
  ✅ Arons Education Center | Strada Luminoasă 8, 040762 București
  → 1 noi

[16/58]

🔍 "afterschool Tei Bucuresti"
  Gasit 20 rezultate
  ✅ Scoala Gimnaziala International PREMIUM School of Bucharest | Șoseaua Berceni 24, 041905 București
  ✅ Tic Pitic - Grădiniță particulară | Strada Cap. Petre Costescu 26, 077160 București
  → 2 noi

[17/58]

🔍 "afterschool Vatra Luminoasa Bucuresti"
  Gasit 4 rezultate
  → 0 noi

[18/58]

🔍 "afterschool Mosilor Bucuresti"
  Gasit 20 rezultate
  ✅ Aurora Afterschool | Strada Dragoș Vodă 9, 020743 București
  → 1 noi

[19/58]

🔍 "afterschool Titan Bucuresti"
  Gasit 20 rezultate
  ✅ Gradinita Ziana / Universal Kids Global | Strada Trilului 65, 030401 București
  → 1 noi

[20/58]

🔍 "afterschool Dristor Bucuresti"
  Gasit 7 rezultate
  → 0 noi

[21/58]

🔍 "afterschool Balta Alba Bucuresti"
  Gasit 20 rezultate
  ✅ PRO Academy Afterschool | Strada Sibiel 4, București
  → 1 noi

[22/58]

🔍 "afterschool Campia Libertatii Bucuresti"
  Gasit 0 rezultate
  → 0 noi

[23/58]

🔍 "afterschool Dudesti Bucuresti"
  Gasit 20 rezultate
  ✅ Iuladi Kids | Strada Breaza 78, 031476 București
  → 1 noi

[24/58]

🔍 "afterschool Vitan Bucuresti"
  Gasit 20 rezultate
  ✅ Magic Castle Primary School and Kindergarten Olimpia | Drumul Între Vii 24, 077160 București
  ✅ SC Family Kids SRL | Strada Mugur Mugurel 21, 031227 București
  → 2 noi

[25/58]

🔍 "afterschool Timpuri Noi Bucuresti"
  Gasit 13 rezultate
  ✅ SmartyKids Timpuri Noi - Aritmetică mentală | Strada Verzișori 42, 040301 București
  → 1 noi

[26/58]

🔍 "afterschool Unirii sector 3 Bucuresti"
  Gasit 20 rezultate
  ✅ MindHub București - Unirii | Strada Traian 3, bl. E6, parter, 030571 București
  ✅ Just4Kids | Splaiul Unirii 550-554, 040043 București
  → 2 noi

[27/58]

🔍 "afterschool Berceni Bucuresti"
  Gasit 20 rezultate
  ✅ Happy Junior | Șoseaua Berceni 8, 041902 București
  → 1 noi

[28/58]

🔍 "afterschool Olteniiei Bucuresti"
  Gasit 20 rezultate
  ✅ Alex and Friends | Strada Odei 49, 041046 București
  ✅ Lumea Copilului - Afterschool | Șoseaua Olteniței 35-37, 041293 București
  → 2 noi

[29/58]

🔍 "afterschool Metalurgiei Bucuresti"
  Gasit 0 rezultate
  → 0 noi

[30/58]

🔍 "afterschool Tineretului Bucuresti"
  Gasit 8 rezultate
  ✅ Atlanthea Tineretului | Afterschool | Grădiniță | Strada Verzișori 52, 040301 București
  → 1 noi

[31/58]

🔍 "afterschool Aparatorii Patriei Bucuresti"
  Gasit 20 rezultate
  ✅ Gradinita Magic Years | Strada Învățătorului nr. 51, 041918 București
  ✅ Gradinita HAPPY Junior-sediul 2 | Șoseaua Berceni 187, 077160 București
  → 2 noi

[32/58]

🔍 "afterschool Brancoveanu Bucuresti"
  Gasit 20 rezultate
  ✅ King George | International School | Strada Cimpoierilor 2, 041573 București
  → 1 noi

[33/58]

🔍 "afterschool Rahova Bucuresti"
  Gasit 20 rezultate
  ✅ Children's JOY | Strada Garoafei 46, 052034 București
  → 1 noi

[34/58]

🔍 "afterschool Ferentari Bucuresti"
  Gasit 20 rezultate
  ✅ Clubul de Educatie Alternativa - Policy Center for Roma and Minorities | Strada Lacul Bucura 2, 052034 București
  → 1 noi

[35/58]

🔍 "afterschool Cotroceni Bucuresti"
  Gasit 14 rezultate
  ✅ Centrul de Excelenta in Educatie Clubul Micul Print | Strada Doctor Niculae D. Staicovici 51, 050557 București
  ✅ Rainbow Kids Kindergarten | Strada General Ion Dragalina 8, 050565 București
  ✅ "My Universe" Kindergarten | Bucuresti, Strada Costache Negri 11, 050552 București
  → 3 noi

[36/58]

🔍 "afterschool Plevnei Bucuresti"
  Gasit 20 rezultate
  ✅ Orhideea Kids | Bloc 3, Calea Plevnei 145B, 060012 București
  → 1 noi

[37/58]

🔍 "afterschool 13 Septembrie Bucuresti"
  Gasit 5 rezultate
  ✅ Little Team THE COLLEGE childcare | Calea 13 Septembrie 191, 050722 București
  → 1 noi

[38/58]

🔍 "afterschool Progresul Bucuresti"
  Gasit 20 rezultate
  ✅ Turnul Artelor: Afterschool Bilingv Romana-Engleza si Cursuri pentru copii | Strada Ghimpați 16, 040751 București
  → 1 noi

[39/58]

🔍 "afterschool Militari Bucuresti"
  Gasit 20 rezultate
  ✅ Be Smart Kids Club | Str. Orhideelor 28M, 077041 Dudu
  → 1 noi

[40/58]

🔍 "afterschool Drumul Taberei Bucuresti"
  Gasit 20 rezultate
  ✅ One Stop Kids | Drumul Taberei 18, 061344 București
  ✅ Corina Club After School | Strada Gârleni 11A, 061652 București
  → 2 noi

[41/58]

🔍 "afterschool Crangasi Bucuresti"
  Gasit 0 rezultate
  → 0 noi

[42/58]

🔍 "afterschool Giulesti Bucuresti"
  Gasit 0 rezultate
  → 0 noi

[43/58]

🔍 "afterschool Lujerului Bucuresti"
  Gasit 20 rezultate
  ✅ Gradinita MINIME | erou, Strada Bogdan Șerban Stan nr. 6, 062333 București
  → 1 noi

[44/58]

🔍 "afterschool Plaza Romania Bucuresti"
  Gasit 20 rezultate
  ✅ Plaza Romania | Bulevardul Timișoara 26, 061331 București
  ✅ Kid Station Afterschool | Calea Văcărești 460, 040071 București
  → 2 noi

[45/58]

🔍 "afterschool Gorjului Bucuresti"
  Gasit 20 rezultate
  → 0 noi

[46/58]

🔍 "afterschool Politehnica Bucuresti"
  Gasit 20 rezultate
  → 0 noi

[47/58]

🔍 "program after school Bucuresti"
  Gasit 20 rezultate
  → 0 noi

[48/58]

🔍 "centru educatonal copii Bucuresti"
  Gasit 20 rezultate
  ✅ Muzeul Copiilor | Bloc S14, Bulevardul Decebal 11, 030963 București
  ✅ Centru de Meditații Sector 4 - EduFamily | Șoseaua Olteniței 103, 041303 București
  ✅ Anademia - Hub Educational - Ateliere de pregatire, dezvoltare personala si creative pentru copii si adolescenti | Turn T5, București RO, Strada Glădiței 42, 040065 parter
  ✅ Gradinița Centrul Educational Nordic | Strada Dâmbovnicului 19-21, 040041 București
  ✅ Evsa Joyful Kids | Strada Cercetătorilor 9, 077160 București
  → 5 noi

[49/58]

🔍 "activitati extrascolare Bucuresti"
  Gasit 20 rezultate
  → 0 noi

[50/58]

🔍 "scoala dupa scoala Bucuresti"
  Gasit 20 rezultate
  ✅ Echilibria Montessori Education | Strada Emil Racoviță 70, 077190 Voluntari
  → 1 noi

[51/58]

🔍 "afterschool privat Bucuresti"
  Gasit 20 rezultate
  ✅ Gradinita IQest | Strada Măriuca nr. 40, 077160 București
  → 1 noi

[52/58]

🔍 "kiddie afterschool Bucuresti"
  Gasit 20 rezultate
  → 0 noi

[53/58]

🔍 "after school program copii Bucuresti"
  Gasit 20 rezultate
  → 0 noi

[54/58]

🔍 "club copii afterschool Bucuresti"
  Gasit 20 rezultate
  ✅ Childrens' National Palace | Bulevardul Tineretului 8-10, 040353 București
  → 1 noi

[55/58]

🔍 "gradinita afterschool Bucuresti"
  Gasit 20 rezultate
  ✅ Gradinita Lindenblüte | Strada Constantin Dobrogeanu Gherea 55A, 013762 București
  → 1 noi

[56/58]

🔍 "centru after school Bucuresti"
  Gasit 20 rezultate
  → 0 noi

[57/58]

🔍 "supraveghere scolara Bucuresti"
  Gasit 8 rezultate
  → 0 noi

[58/58]

🔍 "teme scoala dupa program Bucuresti"
  Gasit 20 rezultate
  → 0 noi

════════════════════════════════════════════════════════════
TOTAL NOI GASITE: 63
════════════════════════════════════════════════════════════

✅ Adaugate: 63
📦 Total in DB: 208
