
═════════════════════════════════════════════════════════════════
[12.03.2026, 15:58:11] Verificare periodica — 180 afterschool-uri
═════════════════════════════════════════════════════════════════
[1/180] Young Academics... 
═════════════════════════════════════════════════════════════════
[12.03.2026, 15:58:11] Verificare periodica — 180 afterschool-uri
═════════════════════════════════════════════════════════════════
✏️  pret: 1200→1600
✏️  pret: 1200→1600
[2/180] Smart Education... ✓ neschimbat (full)
✓ neschimbat (full)
[3/180] Teddy Bar After School... ✏️  pret: 1000→350
✏️  pret: 1000→350
[4/180] CoolTure MindS... ✓ neschimbat (full)
✓ neschimbat (full)
[5/180] After School WiNGS... ✓ neschimbat (full)
✓ neschimbat (full)
[6/180] EduFriends... ✏️  preluare: 11:00→12:00
✏️  preluare: 11:00→12:00
[7/180] SAGA Kid... ✓ neschimbat (full)
✓ neschimbat (full)
[8/180] Diandra After School... ✏️  preluare: 11:30→07:30
✏️  preluare: 11:30→07:30
[9/180] Joe After School (JSCK)... ✏️  pret: 900→200
✏️  pret: 900→200
[10/180] Clubul Micilor Aristocrati... ✏️  preluare: 11:00→11:30
✏️  preluare: 11:00→11:30
[11/180] International Premium School... ✏️  pret: 1500→250 | preluare: 12:00→10:00
✏️  pret: 1500→250 | preluare: 12:00→10:00
[12/180] Step Up School... ✓ neschimbat (full)
✓ neschimbat (full)
[13/180] Scoala Atlas - Campus A... ✓ neschimbat (full)
✓ neschimbat (full)
[14/180] ForEvEr Afterschool... ✏️  pret: 700→1200 | preluare: 11:30→11:00
✏️  pret: 700→1200 | preluare: 11:30→11:00
[15/180] Happy Kids After School... ✓ neschimbat (full)
✓ neschimbat (full)
[16/180] Little Stars After School... ✓ neschimbat (full)
✓ neschimbat (full)
[17/180] Scoala Luca... ✏️  preluare: 12:00→08:00
✏️  preluare: 12:00→08:00
[18/180] Free Minds Builders... ✏️  disponibilitate: available→unknown | pret: 1100→200 | preluare: 12:00→10:00
✏️  disponibilitate: available→unknown | pret: 1100→200 | preluare: 12:00→10:00
[19/180] Aristokids... ✏️  preluare: 12:00→08:00
✏️  preluare: 12:00→08:00
[20/180] LIFE is Cool - Aviatiei... ✓ neschimbat (full)
✓ neschimbat (full)
[21/180] Pache EduCenter... ✓ neschimbat (full)
✓ neschimbat (full)
[22/180] Gradinita Primii Pasi - AfterSchool... ✏️  preluare: 11:00→07:30
✏️  preluare: 11:00→07:30
[23/180] Castelul Fermecat... ✓ neschimbat (full)
✓ neschimbat (full)
[24/180] LIFE is Cool - Titan... ✓ neschimbat (full)
✓ neschimbat (full)
[25/180] Elefantelul Curios... ✏️  preluare: 11:30→08:00
✏️  preluare: 11:30→08:00
[26/180] Kids Palace After School... ✓ neschimbat (full)
✓ neschimbat (full)
[27/180] Focus Kids... ✓ neschimbat (full)
✓ neschimbat (full)
[28/180] Militari After School... ✏️  preluare: 12:00→06:30
✏️  preluare: 12:00→06:30
[29/180] After School Sector 1 (Baneasa)... ✓ neschimbat (full)
✓ neschimbat (full)
[30/180] Afterschool Sarida... ✓ neschimbat (full)
✓ neschimbat (full)
[31/180] Educație Pozitivă After-School... ✓ neschimbat (full)
✓ neschimbat (full)
[32/180] After School Georgi... ✓ neschimbat (full)
✓ neschimbat (full)
[33/180] After-school Cei Trei Muschetari... ✓ neschimbat (full)
✓ neschimbat (full)
[34/180] After school Stelutele... ✓ neschimbat (full)
✓ neschimbat (full)
[35/180] Kreative Kids After School... ✓ neschimbat (full)
✓ neschimbat (full)
[36/180] After Robotics School... ✓ neschimbat (full)
✓ neschimbat (full)
[37/180] After School Drumul Taberei (Fun4All)... ✓ neschimbat (full)
✓ neschimbat (full)
[38/180] After School Crangasi... ✓ neschimbat (full)
✓ neschimbat (full)
[39/180] Gradinita Piticii Nostri AfterSchool... ✓ neschimbat (full)
✓ neschimbat (full)
[40/180] Afterschool Frensi Club... ✓ neschimbat (full)
✓ neschimbat (full)
[41/180] Afterschool Poveștile lui Anais... ✓ neschimbat (full)
✓ neschimbat (full)
[42/180] After school Adeland... ✓ neschimbat (full)
✓ neschimbat (full)
[43/180] After School Hora... ✏️  disponibilitate: available→unknown
✏️  disponibilitate: available→unknown
[44/180] Grădinița BritAcademy AfterSchool... ✓ neschimbat (full)
✓ neschimbat (full)
[45/180] HappyTime Gradinita & After School... ✓ neschimbat (full)
✓ neschimbat (full)
[46/180] Kiddo Clubhouse After School... ✓ neschimbat (full)
✓ neschimbat (full)
[47/180] Paradisul Copiilor AfterSchool... ✓ neschimbat (full)
✓ neschimbat (full)
[48/180] After School IQ EST... ✓ neschimbat (full)
✓ neschimbat (full)
[49/180] GroupOne AfterSchool București... ✓ neschimbat (full)
✓ neschimbat (full)
[50/180] Alpha Kids Club AfterSchool Măgurele... ✓ neschimbat (full)
✓ neschimbat (full)
[51/180] KeiKo AfterSchool... ✓ neschimbat (full)
✓ neschimbat (full)
[52/180] Schnuffelgarten Creșă Grădiniță & Afte... ✓ neschimbat (full)
✓ neschimbat (full)
[53/180] After School Rainbow Kids... ✓ neschimbat (full)
✓ neschimbat (full)
[54/180] After school Micul Scolar... ✓ neschimbat (full)
✓ neschimbat (full)
[55/180] After School Zmeul Albastru... ✓ neschimbat (full)
✓ neschimbat (full)
[56/180] LU-LU Gradinita Afterschool Club... ✓ neschimbat (full)
✓ neschimbat (full)
[57/180] Learn In After School... ✓ neschimbat (full)
✓ neschimbat (full)
[58/180] V&M Kids After&Before School... ✓ neschimbat (full)
✓ neschimbat (full)
[59/180] Gradinita Licuricii... ✓ neschimbat (full)
✓ neschimbat (full)
[60/180] DallesGO... ✓ neschimbat (full)
✓ neschimbat (full)
[61/180] Abc Kids Ozana - After and Before Cent... ✓ neschimbat (full)
✓ neschimbat (full)
[62/180] After Lollipops... ✓ neschimbat (full)
✓ neschimbat (full)
[63/180] Before&After OSKAR... ✓ neschimbat (full)
✓ neschimbat (full)
[64/180] HiCarla After Class... ✓ neschimbat (full)
✓ neschimbat (full)
[65/180] Dumbo's Club... ✓ neschimbat (full)
✓ neschimbat (full)
[66/180] Motanul Talentat srl... ✏️  disponibilitate: available→unknown
✏️  disponibilitate: available→unknown
[67/180] Alle Kinder Klub... ✓ neschimbat (full)
✓ neschimbat (full)
[68/180] Club extrașcolar educațional KIKI... ✓ neschimbat (full)
✓ neschimbat (full)
[69/180] Castelul Zanelor... ✓ neschimbat (full)
✓ neschimbat (full)
[70/180] Ursuletul... ✏️  disponibilitate: available→unknown
✏️  disponibilitate: available→unknown
[71/180] Coding Playground and more... ✓ neschimbat (full)
✓ neschimbat (full)
[72/180] Sweet Babies... ✓ neschimbat (full)
✓ neschimbat (full)
[73/180] Asociatia Zmeul Albastru... ✓ neschimbat (full)
✓ neschimbat (full)
[74/180] Koamy store... ✓ neschimbat (full)
✓ neschimbat (full)
[75/180] City Kids Afterschool... ✓ neschimbat (full)
✓ neschimbat (full)
[76/180] Shakespeare School Victoriei - Cursuri... ✓ neschimbat (full)
✓ neschimbat (full)
[77/180] Oskar... ✓ neschimbat (full)
✓ neschimbat (full)
[78/180] Central Art Studio... ✓ neschimbat (full)
✓ neschimbat (full)
[79/180] MAGIC SCHOOL EduHub Afterschool... ✏️  pret: 320→200
✏️  pret: 320→200
[80/180] Land of Kids Afterschool... ✓ neschimbat (full)
✓ neschimbat (full)
[81/180] Happy Kids Project - Before & After Sc... ✓ neschimbat (full)
✓ neschimbat (full)
[82/180] Euclid Afterschool... ✓ neschimbat (full)
✓ neschimbat (full)
[83/180] Bell Kinder - Kindergarten & Afterscho... ✓ neschimbat (full)
✓ neschimbat (full)
[84/180] Kindergarten and nursery Angels Academ... ✓ neschimbat (full)
✓ neschimbat (full)
[85/180] Liceul Teoretic "Just 4 Kids"... ✓ neschimbat (full)
✓ neschimbat (full)
[86/180] WhizKidz Hub - Afterschool... ✓ neschimbat (full)
✓ neschimbat (full)
[87/180] Ramy's Kids Afterschool... ✓ neschimbat (full)
✓ neschimbat (full)
[88/180] Smiley After School... ✓ neschimbat (full)
✓ neschimbat (full)
[89/180] Neverland Afterschool... ✏️  preluare: 13:30→08:00
✏️  preluare: 13:30→08:00
[90/180] Abc Kids - After and Before Center Kid... ✓ neschimbat (full)
✓ neschimbat (full)
[91/180] Happy Kids Otopeni... ✓ neschimbat (full)
✓ neschimbat (full)
[92/180] Grădinița IILO - Gradinita Privata Sec... ✓ neschimbat (full)
✓ neschimbat (full)
[93/180] EVIA Kids - sector 4 Afterschool... ✓ neschimbat (full)
✓ neschimbat (full)
[94/180] IQ-EST After School Bucuresti... ✏️  preluare: 10:15→08:00
✏️  preluare: 10:15→08:00
[95/180] Art Kids Club... ✓ neschimbat (full)
✓ neschimbat (full)
[96/180] "WonderKids" Before and After School... ✏️  preluare: ?→08:00
✏️  preluare: ?→08:00
[97/180] Kinderium Before & After School Sector... ✏️  preluare: ?→08:00
✏️  preluare: ?→08:00
[98/180] Soleil Kids... ✓ neschimbat (full)
✓ neschimbat (full)
[99/180] Before & After School Sumire... ✓ neschimbat (full)
✓ neschimbat (full)
[100/180] Kids Adventure Afterschool... ✓ neschimbat (full)
✓ neschimbat (full)
[101/180] CENTRUL EDUCAȚIONAL ȘI AFTER SCHOOL ,,... ✓ neschimbat (full)
✓ neschimbat (full)
[102/180] Alice si taramul fermecat... ✓ neschimbat (full)
✓ neschimbat (full)
[103/180] SOS Planet After School... ✏️  preluare: 16:00→11:30
✏️  preluare: 16:00→11:30
[104/180] Kinderlachen Gradinita Germana & After... ✓ neschimbat (full)
✓ neschimbat (full)
[105/180] EDU&CARE... ✓ neschimbat (full)
✓ neschimbat (full)
[106/180] Anna Afterschool... ✓ neschimbat (full)
✓ neschimbat (full)
[107/180] B-Happy After school... ✓ neschimbat (full)
✓ neschimbat (full)
[108/180] My Universe-Afterschool... ✓ neschimbat (full)
✓ neschimbat (full)
[109/180] Babel Language Militari Residence... ✓ neschimbat (full)
✓ neschimbat (full)
[110/180] Grădinița și Școala Primară SPRINGFIEL... ✏️  disponibilitate: available→unknown
✏️  disponibilitate: available→unknown
[111/180] A&M After School... ✓ neschimbat (full)
✓ neschimbat (full)
[112/180] Creativ Infinit Before, After & Art sc... ✓ neschimbat (full)
✓ neschimbat (full)
[113/180] Maria International School (former Mar... ✓ neschimbat (full)
✓ neschimbat (full)
[114/180] Școala Iepurașul Bocănilă... ✓ neschimbat (full)
✓ neschimbat (full)
[115/180] Grădinița EuroKid 4... ✓ neschimbat (full)
✓ neschimbat (full)
[116/180] Smart&Fun After School Crangasi... ✓ neschimbat (full)
✓ neschimbat (full)
[117/180] Jolly Kids... ✓ neschimbat (full)
✓ neschimbat (full)
[118/180] BRIO KIDS Afterschool & Centru Educați... ✓ neschimbat (full)
✓ neschimbat (full)
[119/180] Asociatia Hands On & After School... ✓ neschimbat (full)
✓ neschimbat (full)
[120/180] Gradinita Before After School Happy Ki... ✓ neschimbat (full)
✓ neschimbat (full)
[121/180] Dreamworld After School... ✓ neschimbat (full)
✓ neschimbat (full)
[122/180] Legendary Party... ✓ neschimbat (full)
✓ neschimbat (full)
[123/180] EDU for Kids Afterschool... ✓ neschimbat (full)
✓ neschimbat (full)
[124/180] Clubul Copiilor Smart Generation... ✓ neschimbat (full)
✓ neschimbat (full)
[125/180] Scoala Atlas - Campus B... ✓ neschimbat (full)
✓ neschimbat (full)
[126/180] Gradinita Rita Veverita... ✓ neschimbat (full)
✓ neschimbat (full)
[127/180] Școlar AS... ✓ neschimbat (full)
✓ neschimbat (full)
[128/180] Kids Club Baneasa... ✓ neschimbat (full)
✓ neschimbat (full)
[129/180] Little Leaders Academy Kindergarten - ... ✓ neschimbat (full)
✓ neschimbat (full)
[130/180] Junior Genius Club... ✓ neschimbat (full)
✓ neschimbat (full)
[131/180] Steaua Nordului... ✓ neschimbat (full)
✓ neschimbat (full)
[132/180] Feli's Kids - Gradinita, After School... ✏️  disponibilitate: unknown→available
✏️  disponibilitate: unknown→available
[133/180] SmartyKids Dorobanti Floreasca - aritm... ✓ neschimbat (full)
✓ neschimbat (full)
[134/180] Kogaion Gifted Academy... ✓ neschimbat (full)
✓ neschimbat (full)
[135/180] GoKidsGo Academy... ✓ neschimbat (full)
✓ neschimbat (full)
[136/180] KIDS' HUB... ✏️  pret: 300→260
✏️  pret: 300→260
[137/180] KIDS POWER PREMIUM SCHOOL... ✓ neschimbat (full)
✓ neschimbat (full)
[138/180] Gradinita - After School Aristokids... ✓ neschimbat (full)
✓ neschimbat (full)
[139/180] Genius Academy Creșă - Grădiniță - Aft... ✓ neschimbat (full)
✓ neschimbat (full)
[140/180] Academia Strumfilor | Gradinita si Cre... ✓ neschimbat (full)
✓ neschimbat (full)
[141/180] Mini Stars Learning Center... ✓ neschimbat (full)
✓ neschimbat (full)
[142/180] SmartyKids Iancului Obor... ✓ neschimbat (full)
✓ neschimbat (full)
[143/180] Montessima Educational... ✏️  preluare: ?→08:00
✏️  preluare: ?→08:00
[144/180] Arons Education Center... ✓ neschimbat (full)
✓ neschimbat (full)
[145/180] Scoala Gimnaziala International PREMIU... ✏️  pret: 500→250
✏️  pret: 500→250
[146/180] Tic Pitic - Grădiniță particulară... ✏️  preluare: 08:00→07:45
✏️  preluare: 08:00→07:45
[147/180] Aurora Afterschool... ✓ neschimbat (full)
✓ neschimbat (full)
[148/180] Gradinita Ziana / Universal Kids Globa... ✓ neschimbat (full)
✓ neschimbat (full)
[149/180] PRO Academy Afterschool... ✓ neschimbat (full)
✓ neschimbat (full)
[150/180] Iuladi Kids... ✓ neschimbat (full)
✓ neschimbat (full)
[151/180] Magic Castle Primary School and Kinder... ✓ neschimbat (full)
✓ neschimbat (full)
[152/180] SC Family Kids SRL... ✓ neschimbat (full)
✓ neschimbat (full)
[153/180] SmartyKids Timpuri Noi - Aritmetică me... ✓ neschimbat (full)
✓ neschimbat (full)
[154/180] MindHub București - Unirii... ✓ neschimbat (full)
✓ neschimbat (full)
[155/180] Just4Kids... ✓ neschimbat (full)
✓ neschimbat (full)
[156/180] Happy Junior... ✓ neschimbat (full)
✓ neschimbat (full)
[157/180] Alex and Friends... ✓ neschimbat (full)
✓ neschimbat (full)
[158/180] Lumea Copilului - Afterschool... ✓ neschimbat (full)
✓ neschimbat (full)
[159/180] Atlanthea Tineretului | Afterschool | ... ✓ neschimbat (full)
✓ neschimbat (full)
[160/180] Gradinita Magic Years... ✓ neschimbat (full)
✓ neschimbat (full)
[161/180] Gradinita HAPPY Junior-sediul 2... ✓ neschimbat (full)
✓ neschimbat (full)
[162/180] King George | International School... ✓ neschimbat (full)
✓ neschimbat (full)
[163/180] Clubul de Educatie Alternativa - Polic... ✓ neschimbat (full)
✓ neschimbat (full)
[164/180] Centrul de Excelenta in Educatie Clubu... ✓ neschimbat (full)
✓ neschimbat (full)
[165/180] Rainbow Kids Kindergarten... ✓ neschimbat (full)
✓ neschimbat (full)
[166/180] "My Universe" Kindergarten... ✓ neschimbat (full)
✓ neschimbat (full)
[167/180] Little Team THE COLLEGE childcare... ✓ neschimbat (full)
✓ neschimbat (full)
[168/180] Turnul Artelor: Afterschool Bilingv Ro... ✓ neschimbat (full)
✓ neschimbat (full)
[169/180] Be Smart Kids Club... ✓ neschimbat (full)
✓ neschimbat (full)
[170/180] Corina Club After School... ✓ neschimbat (full)
✓ neschimbat (full)
[171/180] Gradinita MINIME... ✓ neschimbat (full)
✓ neschimbat (full)
[172/180] Plaza Romania... ✓ neschimbat (full)
✓ neschimbat (full)
[173/180] Kid Station Afterschool... ✓ neschimbat (full)
✓ neschimbat (full)
[174/180] Muzeul Copiilor... ✓ neschimbat (full)
✓ neschimbat (full)
[175/180] Centru de Meditații Sector 4 - EduFami... ✓ neschimbat (full)
✓ neschimbat (full)
[176/180] Anademia - Hub Educational - Ateliere ... ✓ neschimbat (full)
✓ neschimbat (full)
[177/180] Gradinița Centrul Educational Nordic... ✓ neschimbat (full)
✓ neschimbat (full)
[178/180] Echilibria Montessori Education... ✓ neschimbat (full)
✓ neschimbat (full)
[179/180] Gradinita IQest... ✏️  preluare: 10:15→08:00
✏️  preluare: 10:15→08:00
[180/180] Gradinita Lindenblüte... ✓ neschimbat (full)
✓ neschimbat (full)

─────────────────────────────────────────────────────────────────
Modificari disponibilitate: 6

─────────────────────────────────────────────────────────────────
Modificari pret:            9
Modificari orar:            19
Erori:                      0
Urmatoarea verificare completa (lunara) la: 11.04.2026
═════════════════════════════════════════════════════════════════

Modificari disponibilitate: 6
Modificari pret:            9
Modificari orar:            19
Erori:                      0
Urmatoarea verificare completa (lunara) la: 11.04.2026
═════════════════════════════════════════════════════════════════

