Procesez 180 afterschool-uri...

✅ 08:00-19:00 | act:9
✅ act:6
✅ 13:30-14:30 | act:16
✅ 08:00-18:00 | act:3
✅ act:16
✅ 08:30-08:30 | act:9
✅ 07:50-12:00 | act:5
✅ 07:30-18:30 | act:16 | ✓ locuri
✅ 10:55-18:30 | act:10
✅ 08:00-18:00 | act:10
✅ 10:00-18:00 | act:8
✅ 11:30-19:00 | act:5
✅ act:3
✅ 11:00-18:00 | act:4
— nimic gasit
— nimic gasit
✅ 08:00-18:00 | act:4
✅ 10:00-12:00 | act:12 | ✓ locuri
✅ 08:00-21:30 | act:20
✅ 08:30-13:00 | act:7
✅ 08:00-18:00 | act:11
✅ 07:30-19:30 | act:5
✅ act:6
✅ 08:30-13:00 | act:7
✅ 08:00-19:00 | act:4
✅ act:2
✅ act:16
✅ 06:30-18:30 | act:11 | ✓ locuri
✅ act:16
— nimic gasit
— nimic gasit
✅ 12:00-12:30 | act:10
— nimic gasit
— nimic gasit
— nimic gasit
✅ act:7
— nimic gasit
— nimic gasit
✅ 07:30-12:00 | act:17
— nimic gasit
— nimic gasit
— nimic gasit
✅ 07:00-13:00 | act:29 | ✓ locuri
— nimic gasit
— nimic gasit
— nimic gasit
— nimic gasit
— nimic gasit
— nimic gasit
— nimic gasit
— nimic gasit
— nimic gasit
— nimic gasit
— nimic gasit
— nimic gasit
— nimic gasit
— nimic gasit
— nimic gasit
— nimic gasit
— nimic gasit
— nimic gasit
— nimic gasit
✅ act:2
— nimic gasit
— nimic gasit
✅ 07:00-13:00 | act:29 | ✓ locuri
— nimic gasit
— nimic gasit
— nimic gasit
✅ 07:00-13:00 | act:29 | ✓ locuri
— nimic gasit
— nimic gasit
— nimic gasit
— nimic gasit
✅ 08:00-18:30 | act:6
✅ 09:00-13:30 | act:9 | ✓ locuri
✅ 08:00-19:00 | act:2
✅ 09:00-18:00 | act:10
✅ 07:40-13:00 | act:10
✅ act:4
✅ 11:30-18:00 | act:5
✅ act:3
✅ 08:00-13:00 | act:12
✅ 11:40-12:15 | act:17
✅ act:8
✅ act:5
✅ act:23
✅ 12:00-13:00 | act:3
✅ 13:30-18:30 | act:5
✅ act:9
✅ 08:00-18:00 | act:7
✅ 08:00-12:30 | act:4
✅ act:2
✅ 10:15-08:30 | act:12 | ✓ locuri
✅ 07:00-19:00 | act:18
— nimic gasit
— nimic gasit
✅ 11:00-18:00 | act:12
✅ 11:00-18:00 | act:4
✅ 11:00-12:00 | act:5
✅ 11:30-18:30 | act:13
✅ act:2
✅ 16:00-12:00 | act:8
✅ 12:00-18:00 | act:11 | ✓ locuri
— nimic gasit
✅ act:7
✅ act:4
✅ 08:00-18:00 | act:4
✅ act:5
✅ 08:00-18:00 | act:8 | ✓ locuri
— nimic gasit
✅ 08:00-12:00 | act:8
— nimic gasit
✅ act:10
✅ 09:00-16:00 | act:12
— nimic gasit
— nimic gasit
✅ 11:00-18:00 | act:9
✅ act:7
✅ 08:00-09:00 | act:16
— nimic gasit
✅ act:5
✅ act:10
— nimic gasit
✅ act:3
✅ act:4
— nimic gasit
— nimic gasit
✅ 07:30-18:30 | act:6
✅ 08:30-14:00 | act:6
✅ 08:00-17:00 | act:9
✅ 08:00-13:00 | act:11
— nimic gasit
✅ act:4
✅ act:17 | ✓ locuri
✅ 14:00-20:00 | act:8
— nimic gasit
✅ 08:00-21:30 | act:18
✅ 08:00-18:30 | act:5
✅ act:12
✅ act:4
— nimic gasit
✅ act:12
✅ 07:30-18:00 | act:7
✅ 10:00-18:00 | act:8
✅ 08:00-12:30 | act:5
✅ 11:00-18:30 | act:5
— nimic gasit
✅ act:8
— nimic gasit
✅ 08:00-18:00 | act:8
✅ act:11
— nimic gasit
✅ act:3
✅ act:8
✅ 12:30-19:00 | act:13
✅ act:3
✅ 08:00-18:30 | act:12
✅ act:2
✅ act:5
✅ 12:30-19:00 | act:13
✅ act:2
✅ act:2
✅ act:6
✅ 07:15-18:00 | act:4
✅ 08:00-18:00 | act:4
✅ 08:00-18:30 | act:11
✅ 09:00-20:00 | act:12
— nimic gasit
✅ act:7
✅ act:10
✅ 10:00-22:00 | act:3
✅ act:5
✅ 09:30-15:30 | act:7 | ✓ locuri
✅ act:1
— nimic gasit
✅ 08:00-? | act:4
✅ 09:00-16:00 | act:7
✅ 10:15-08:30 | act:12 | ✓ locuri
✅ act:6

════════════════════════════════════════════════════════════
Cu program (preluare/sfarsit): 75
Cu activitati gasite: 121
Cu locuri disponibile: 13
Pline: 0
Total procesate: 180
gasit
[69/180] Castelul Zanelor... — nimic gasit
[70/180] Ursuletul... ✅ 07:00-13:00 | act:29 | ✓ locuri
[71/180] Coding Playground and more... — nimic gasit
[72/180] Sweet Babies... — nimic gasit
[73/180] Asociatia Zmeul Albastru... — nimic gasit
[74/180] Koamy store... — nimic gasit
[75/180] City Kids Afterschool... ✅ 08:00-18:30 | act:6
[76/180] Shakespeare School Victoriei - Curs... ✅ 09:00-13:30 | act:9 | ✓ locuri
[77/180] Oskar... ✅ 08:00-19:00 | act:2
[78/180] Central Art Studio... ✅ 09:00-18:00 | act:10
[79/180] MAGIC SCHOOL EduHub Afterschool... ✅ 07:40-13:00 | act:10
[80/180] Land of Kids Afterschool... ✅ act:4
[81/180] Happy Kids Project - Before & After... ✅ 11:30-18:00 | act:5
[82/180] Euclid Afterschool... ✅ act:3
[83/180] Bell Kinder - Kindergarten & Afters... ✅ 08:00-13:00 | act:12
[84/180] Kindergarten and nursery Angels Aca... ✅ 11:40-12:15 | act:17
[85/180] Liceul Teoretic "Just 4 Kids"... ✅ act:8
[86/180] WhizKidz Hub - Afterschool... ✅ act:5
[87/180] Ramy's Kids Afterschool... ✅ act:23
[88/180] Smiley After School... ✅ 12:00-13:00 | act:3
[89/180] Neverland Afterschool... ✅ 13:30-18:30 | act:5
[90/180] Abc Kids - After and Before Center ... ✅ act:9
[91/180] Happy Kids Otopeni... ✅ 08:00-18:00 | act:7
[92/180] Grădinița IILO - Gradinita Privata ... ✅ 08:00-12:30 | act:4
[93/180] EVIA Kids - sector 4 Afterschool... ✅ act:2
[94/180] IQ-EST After School Bucuresti... ✅ 10:15-08:30 | act:12 | ✓ locuri
[95/180] Art Kids Club... ✅ 07:00-19:00 | act:18
[96/180] "WonderKids" Before and After Schoo... — nimic gasit
[97/180] Kinderium Before & After School Sec... — nimic gasit
[98/180] Soleil Kids... ✅ 11:00-18:00 | act:12
[99/180] Before & After School Sumire... ✅ 11:00-18:00 | act:4
[100/180] Kids Adventure Afterschool... ✅ 11:00-12:00 | act:5
[101/180] CENTRUL EDUCAȚIONAL ȘI AFTER SCHOOL... ✅ 11:30-18:30 | act:13
[102/180] Alice si taramul fermecat... ✅ act:2
[103/180] SOS Planet After School... ✅ 16:00-12:00 | act:8
[104/180] Kinderlachen Gradinita Germana & Af... ✅ 12:00-18:00 | act:11 | ✓ locuri
[105/180] EDU&CARE... — nimic gasit
[106/180] Anna Afterschool... ✅ act:7
[107/180] B-Happy After school... ✅ act:4
[108/180] My Universe-Afterschool... ✅ 08:00-18:00 | act:4
[109/180] Babel Language Militari Residence... ✅ act:5
[110/180] Grădinița și Școala Primară SPRINGF... ✅ 08:00-18:00 | act:8 | ✓ locuri
[111/180] A&M After School... — nimic gasit
[112/180] Creativ Infinit Before, After & Art... ✅ 08:00-12:00 | act:8
[113/180] Maria International School (former ... — nimic gasit
[114/180] Școala Iepurașul Bocănilă... ✅ act:10
[115/180] Grădinița EuroKid 4... ✅ 09:00-16:00 | act:12
[116/180] Smart&Fun After School Crangasi... — nimic gasit
[117/180] Jolly Kids... — nimic gasit
[118/180] BRIO KIDS Afterschool & Centru Educ... ✅ 11:00-18:00 | act:9
[119/180] Asociatia Hands On & After School... ✅ act:7
[120/180] Gradinita Before After School Happy... ✅ 08:00-09:00 | act:16
[121/180] Dreamworld After School... — nimic gasit
[122/180] Legendary Party... ✅ act:5
[123/180] EDU for Kids Afterschool... ✅ act:10
[124/180] Clubul Copiilor Smart Generation... — nimic gasit
[125/180] Scoala Atlas - Campus B... ✅ act:3
[126/180] Gradinita Rita Veverita... ✅ act:4
[127/180] Școlar AS... — nimic gasit
[128/180] Kids Club Baneasa... — nimic gasit
[129/180] Little Leaders Academy Kindergarten... ✅ 07:30-18:30 | act:6
[130/180] Junior Genius Club... ✅ 08:30-14:00 | act:6
[131/180] Steaua Nordului... ✅ 08:00-17:00 | act:9
[132/180] Feli's Kids - Gradinita, After Scho... ✅ 08:00-13:00 | act:11
[133/180] SmartyKids Dorobanti Floreasca - ar... — nimic gasit
[134/180] Kogaion Gifted Academy... ✅ act:4
[135/180] GoKidsGo Academy... ✅ act:17 | ✓ locuri
[136/180] KIDS' HUB... ✅ 14:00-20:00 | act:8
[137/180] KIDS POWER PREMIUM SCHOOL... — nimic gasit
[138/180] Gradinita - After School Aristokids... ✅ 08:00-21:30 | act:18
[139/180] Genius Academy Creșă - Grădiniță - ... ✅ 08:00-18:30 | act:5
[140/180] Academia Strumfilor | Gradinita si ... ✅ act:12
[141/180] Mini Stars Learning Center... ✅ act:4
[142/180] SmartyKids Iancului Obor... — nimic gasit
[143/180] Montessima Educational... ✅ act:12
[144/180] Arons Education Center... ✅ 07:30-18:00 | act:7
[145/180] Scoala Gimnaziala International PRE... ✅ 10:00-18:00 | act:8
[146/180] Tic Pitic - Grădiniță particulară... ✅ 08:00-12:30 | act:5
[147/180] Aurora Afterschool... ✅ 11:00-18:30 | act:5
[148/180] Gradinita Ziana / Universal Kids Gl... — nimic gasit
[149/180] PRO Academy Afterschool... ✅ act:8
[150/180] Iuladi Kids... — nimic gasit
[151/180] Magic Castle Primary School and Kin... ✅ 08:00-18:00 | act:8
[152/180] SC Family Kids SRL... ✅ act:11
[153/180] SmartyKids Timpuri Noi - Aritmetică... — nimic gasit
[154/180] MindHub București - Unirii... ✅ act:3
[155/180] Just4Kids... ✅ act:8
[156/180] Happy Junior... ✅ 12:30-19:00 | act:13
[157/180] Alex and Friends... ✅ act:3
[158/180] Lumea Copilului - Afterschool... ✅ 08:00-18:30 | act:12
[159/180] Atlanthea Tineretului | Afterschool... ✅ act:2
[160/180] Gradinita Magic Years... ✅ act:5
[161/180] Gradinita HAPPY Junior-sediul 2... ✅ 12:30-19:00 | act:13
[162/180] King George | International School... ✅ act:2
[163/180] Clubul de Educatie Alternativa - Po... ✅ act:2
[164/180] Centrul de Excelenta in Educatie Cl... ✅ act:6
[165/180] Rainbow Kids Kindergarten... ✅ 07:15-18:00 | act:4
[166/180] "My Universe" Kindergarten... ✅ 08:00-18:00 | act:4
[167/180] Little Team THE COLLEGE childcare... ✅ 08:00-18:30 | act:11
[168/180] Turnul Artelor: Afterschool Bilingv... ✅ 09:00-20:00 | act:12
[169/180] Be Smart Kids Club... — nimic gasit
[170/180] Corina Club After School... ✅ act:7
[171/180] Gradinita MINIME... ✅ act:10
[172/180] Plaza Romania... ✅ 10:00-22:00 | act:3
[173/180] Kid Station Afterschool... ✅ act:5
[174/180] Muzeul Copiilor... ✅ 09:30-15:30 | act:7 | ✓ locuri
[175/180] Centru de Meditații Sector 4 - EduF... ✅ act:1
[176/180] Anademia - Hub Educational - Atelie... — nimic gasit
[177/180] Gradinița Centrul Educational Nordi... ✅ 08:00-? | act:4
[178/180] Echilibria Montessori Education... ✅ 09:00-16:00 | act:7
[179/180] Gradinita IQest... ✅ 10:15-08:30 | act:12 | ✓ locuri
[180/180] Gradinita Lindenblüte... ✅ act:6

════════════════════════════════════════════════════════════
Cu program (preluare/sfarsit): 75
Cu activitati gasite: 121
Cu locuri disponibile: 13
Pline: 0
Total procesate: 180
